Connecting to database specified by database.yml


Started GET "/assets/rails.png" for 127.0.0.1 at 2015-03-25 21:11:58 -0400
Served asset /rails.png - 200 OK (6ms)
Connecting to database specified by database.yml


Started GET "/users" for 127.0.0.1 at 2015-03-25 21:32:40 -0400
Processing by UsersController#index as HTML
Completed 500 Internal Server Error in 57ms

ActiveRecord::StatementInvalid (Could not find table 'users'):
  app/controllers/users_controller.rb:5:in `index'


  Rendered /var/lib/gems/1.9.1/gems/actionpack-3.2.13/lib/action_dispatch/middleware/templates/rescues/_trace.erb (1.2ms)
  Rendered /var/lib/gems/1.9.1/gems/actionpack-3.2.13/lib/action_dispatch/middleware/templates/rescues/_request_and_response.erb (1.0ms)
  Rendered /var/lib/gems/1.9.1/gems/actionpack-3.2.13/lib/action_dispatch/middleware/templates/rescues/diagnostics.erb within rescues/layout (9.5ms)


Started GET "/application" for 127.0.0.1 at 2015-03-25 21:32:51 -0400

ActionController::RoutingError (No route matches [GET] "/application"):
  actionpack (3.2.13) lib/action_dispatch/middleware/debug_exceptions.rb:21:in `call'
  actionpack (3.2.13) lib/action_dispatch/middleware/show_exceptions.rb:56:in `call'
  railties (3.2.13) lib/rails/rack/logger.rb:32:in `call_app'
  railties (3.2.13) lib/rails/rack/logger.rb:16:in `block in call'
  activesupport (3.2.13) lib/active_support/tagged_logging.rb:22:in `tagged'
  railties (3.2.13) lib/rails/rack/logger.rb:16:in `call'
  actionpack (3.2.13) lib/action_dispatch/middleware/request_id.rb:22:in `call'
  rack (1.4.5) lib/rack/methodoverride.rb:21:in `call'
  rack (1.4.5) lib/rack/runtime.rb:17:in `call'
  activesupport (3.2.13) lib/active_support/cache/strategy/local_cache.rb:72:in `call'
  rack (1.4.5) lib/rack/lock.rb:15:in `call'
  actionpack (3.2.13) lib/action_dispatch/middleware/static.rb:63:in `call'
  railties (3.2.13) lib/rails/engine.rb:479:in `call'
  railties (3.2.13) lib/rails/application.rb:223:in `call'
  rack (1.4.5) lib/rack/content_length.rb:14:in `call'
  railties (3.2.13) lib/rails/rack/log_tailer.rb:17:in `call'
  rack (1.4.5) lib/rack/handler/webrick.rb:59:in `service'
  /usr/lib/ruby/1.9.1/webrick/httpserver.rb:138:in `service'
  /usr/lib/ruby/1.9.1/webrick/httpserver.rb:94:in `run'
  /usr/lib/ruby/1.9.1/webrick/server.rb:191:in `block in start_thread'


  Rendered /var/lib/gems/1.9.1/gems/actionpack-3.2.13/lib/action_dispatch/middleware/templates/rescues/routing_error.erb within rescues/layout (0.5ms)
Connecting to database specified by database.yml
Connecting to database specified by database.yml
  [1m[36m (0.1ms)[0m  [1mselect sqlite_version(*)[0m
  [1m[35m (13.8ms)[0m  CREATE TABLE "schema_migrations" ("version" varchar(255) NOT NULL) 
  [1m[36m (13.8ms)[0m  [1mCREATE UNIQUE INDEX "unique_schema_migrations" ON "schema_migrations" ("version")[0m
  [1m[35m (21.1ms)[0m  SELECT "schema_migrations"."version" FROM "schema_migrations" 
Migrating to CreateUsers (20130508174408)
  [1m[36m (0.0ms)[0m  [1mbegin transaction[0m
  [1m[35m (0.3ms)[0m  CREATE TABLE "users" ("id" INTEGER PRIMARY KEY AUTOINCREMENT NOT NULL, "name" varchar(255), "picture" varchar(255), "created_at" datetime NOT NULL, "updated_at" datetime NOT NULL) 
  [1m[36m (0.1ms)[0m  [1mINSERT INTO "schema_migrations" ("version") VALUES ('20130508174408')[0m
  [1m[35m (18.0ms)[0m  commit transaction
  [1m[36m (0.1ms)[0m  [1mSELECT "schema_migrations"."version" FROM "schema_migrations" [0m
Connecting to database specified by database.yml


Started GET "/users" for 127.0.0.1 at 2015-03-25 21:38:46 -0400
Processing by UsersController#index as HTML
  [1m[36mUser Load (0.1ms)[0m  [1mSELECT "users".* FROM "users" [0m
  Rendered users/index.html.erb within layouts/application (6.0ms)
Compiled scaffolds.css  (16ms)  (pid 23132)
Compiled users.css  (1ms)  (pid 23132)
Compiled application.css  (46ms)  (pid 23132)
Compiled jquery.js  (3ms)  (pid 23132)
Compiled jquery_ujs.js  (0ms)  (pid 23132)
Compiled users.js  (165ms)  (pid 23132)
Compiled application.js  (216ms)  (pid 23132)
Completed 200 OK in 404ms (Views: 350.5ms | ActiveRecord: 2.0ms)


Started GET "/assets/application.css?body=1" for 127.0.0.1 at 2015-03-25 21:38:47 -0400
Served asset /application.css - 200 OK (8ms)


Started GET "/assets/scaffolds.css?body=1" for 127.0.0.1 at 2015-03-25 21:38:47 -0400
Served asset /scaffolds.css - 200 OK (1ms)


Started GET "/assets/jquery_ujs.js?body=1" for 127.0.0.1 at 2015-03-25 21:38:47 -0400
Served asset /jquery_ujs.js - 200 OK (2ms)


Started GET "/assets/users.js?body=1" for 127.0.0.1 at 2015-03-25 21:38:47 -0400
Served asset /users.js - 200 OK (1ms)


Started GET "/assets/users.css?body=1" for 127.0.0.1 at 2015-03-25 21:38:47 -0400
Served asset /users.css - 200 OK (27ms)


Started GET "/assets/jquery.js?body=1" for 127.0.0.1 at 2015-03-25 21:38:47 -0400
Served asset /jquery.js - 200 OK (5ms)


Started GET "/assets/application.js?body=1" for 127.0.0.1 at 2015-03-25 21:38:47 -0400
Served asset /application.js - 200 OK (6ms)


Started GET "/users/new" for 127.0.0.1 at 2015-03-25 21:38:52 -0400
Processing by UsersController#new as HTML
  Rendered users/_form.html.erb (9.7ms)
  Rendered users/new.html.erb within layouts/application (15.3ms)
Completed 200 OK in 43ms (Views: 33.9ms | ActiveRecord: 0.0ms)


Started GET "/users" for 127.0.0.1 at 2015-03-25 21:39:09 -0400
Processing by UsersController#index as HTML
  [1m[35mUser Load (0.2ms)[0m  SELECT "users".* FROM "users" 
  Rendered users/index.html.erb within layouts/application (0.3ms)
Completed 200 OK in 39ms (Views: 38.1ms | ActiveRecord: 0.2ms)


Started GET "/users/new" for 127.0.0.1 at 2015-03-25 21:39:13 -0400
Processing by UsersController#new as HTML
  Rendered users/_form.html.erb (1.9ms)
  Rendered users/new.html.erb within layouts/application (3.1ms)
Completed 200 OK in 18ms (Views: 17.9ms | ActiveRecord: 0.0ms)


Started POST "/users" for 127.0.0.1 at 2015-03-25 21:39:25 -0400
Processing by UsersController#create as HTML
  Parameters: {"utf8"=>"✓", "authenticity_token"=>"SNOnSaqVBfRT2Ifp5NKM2aQUjjRvMVJzDk8tjMkpNeY=", "user"=>{"name"=>"", "picture"=>#<ActionDispatch::Http::UploadedFile:0x007fc70c415020 @original_filename="bsa.png", @content_type="image/png", @headers="Content-Disposition: form-data; name=\"user[picture]\"; filename=\"bsa.png\"\r\nContent-Type: image/png\r\n", @tempfile=#<File:/tmp/RackMultipart20150325-23132-1owgizj>>}, "commit"=>"Create User"}
  [1m[36m (0.1ms)[0m  [1mbegin transaction[0m
  [1m[35m (0.0ms)[0m  rollback transaction
  Rendered users/_form.html.erb (2.1ms)
  Rendered users/new.html.erb within layouts/application (2.7ms)
Completed 200 OK in 86ms (Views: 17.7ms | ActiveRecord: 0.1ms)


Started POST "/users" for 127.0.0.1 at 2015-03-25 21:39:37 -0400
Processing by UsersController#create as HTML
  Parameters: {"utf8"=>"✓", "authenticity_token"=>"SNOnSaqVBfRT2Ifp5NKM2aQUjjRvMVJzDk8tjMkpNeY=", "user"=>{"name"=>""}, "commit"=>"Create User"}
  [1m[36m (0.1ms)[0m  [1mbegin transaction[0m
  [1m[35m (0.0ms)[0m  rollback transaction
  Rendered users/_form.html.erb (3.7ms)
  Rendered users/new.html.erb within layouts/application (4.7ms)
Completed 200 OK in 22ms (Views: 20.7ms | ActiveRecord: 0.1ms)


Started GET "/users" for 127.0.0.1 at 2015-03-25 21:39:48 -0400
Processing by UsersController#index as HTML
  [1m[36mUser Load (0.3ms)[0m  [1mSELECT "users".* FROM "users" [0m
  Rendered users/index.html.erb within layouts/application (0.6ms)
Completed 200 OK in 28ms (Views: 26.2ms | ActiveRecord: 0.3ms)


Started GET "/users/new" for 127.0.0.1 at 2015-03-25 21:39:53 -0400
Processing by UsersController#new as HTML
  Rendered users/_form.html.erb (2.4ms)
  Rendered users/new.html.erb within layouts/application (3.1ms)
Completed 200 OK in 39ms (Views: 38.4ms | ActiveRecord: 0.0ms)


Started POST "/users" for 127.0.0.1 at 2015-03-25 21:40:03 -0400
Processing by UsersController#create as HTML
  Parameters: {"utf8"=>"✓", "authenticity_token"=>"SNOnSaqVBfRT2Ifp5NKM2aQUjjRvMVJzDk8tjMkpNeY=", "user"=>{"name"=>"kjkj", "picture"=>#<ActionDispatch::Http::UploadedFile:0x007fc7182c9b10 @original_filename="shark glow.jpg", @content_type="image/jpeg", @headers="Content-Disposition: form-data; name=\"user[picture]\"; filename=\"shark+glow.jpg\"\r\nContent-Type: image/jpeg\r\n", @tempfile=#<File:/tmp/RackMultipart20150325-23132-2pf60g>>}, "commit"=>"Create User"}
  [1m[35m (0.1ms)[0m  begin transaction
  [1m[36mSQL (2.2ms)[0m  [1mINSERT INTO "users" ("created_at", "name", "picture", "updated_at") VALUES (?, ?, ?, ?)[0m  [["created_at", Thu, 26 Mar 2015 01:40:03 UTC +00:00], ["name", "kjkj"], ["picture", "shark_glow.jpg"], ["updated_at", Thu, 26 Mar 2015 01:40:03 UTC +00:00]]
  [1m[35m (12.8ms)[0m  commit transaction
Redirected to http://localhost:3000/users/1
Completed 302 Found in 41ms (ActiveRecord: 15.0ms)


Started GET "/users/1" for 127.0.0.1 at 2015-03-25 21:40:03 -0400
Processing by UsersController#show as HTML
  Parameters: {"id"=>"1"}
  [1m[36mUser Load (0.3ms)[0m  [1mSELECT "users".* FROM "users" WHERE "users"."id" = ? LIMIT 1[0m  [["id", "1"]]
  Rendered users/show.html.erb within layouts/application (3.6ms)
Completed 200 OK in 25ms (Views: 21.6ms | ActiveRecord: 0.3ms)


Started GET "/users/1/edit" for 127.0.0.1 at 2015-03-25 21:40:09 -0400
Processing by UsersController#edit as HTML
  Parameters: {"id"=>"1"}
  [1m[35mUser Load (0.1ms)[0m  SELECT "users".* FROM "users" WHERE "users"."id" = ? LIMIT 1  [["id", "1"]]
  Rendered users/_form.html.erb (2.9ms)
  Rendered users/edit.html.erb within layouts/application (4.7ms)
Completed 200 OK in 41ms (Views: 39.6ms | ActiveRecord: 0.1ms)


Started PUT "/users/1" for 127.0.0.1 at 2015-03-25 21:40:19 -0400
Processing by UsersController#update as HTML
  Parameters: {"utf8"=>"✓", "authenticity_token"=>"SNOnSaqVBfRT2Ifp5NKM2aQUjjRvMVJzDk8tjMkpNeY=", "user"=>{"name"=>"kjkj", "picture"=>#<ActionDispatch::Http::UploadedFile:0x00000004bc6250 @original_filename="bsa.png", @content_type="image/png", @headers="Content-Disposition: form-data; name=\"user[picture]\"; filename=\"bsa.png\"\r\nContent-Type: image/png\r\n", @tempfile=#<File:/tmp/RackMultipart20150325-23132-1vfn32n>>}, "commit"=>"Update User", "id"=>"1"}
  [1m[36mUser Load (0.1ms)[0m  [1mSELECT "users".* FROM "users" WHERE "users"."id" = ? LIMIT 1[0m  [["id", "1"]]
  [1m[35m (0.1ms)[0m  begin transaction
  [1m[36mUser Load (0.1ms)[0m  [1mSELECT "users".* FROM "users" WHERE "users"."id" = ? LIMIT 1[0m  [["id", 1]]
  [1m[35m (0.4ms)[0m  UPDATE "users" SET "picture" = 'bsa.png', "updated_at" = '2015-03-26 01:40:19.715274' WHERE "users"."id" = 1
  [1m[36m (22.3ms)[0m  [1mcommit transaction[0m
Redirected to http://localhost:3000/users/1
Completed 302 Found in 48ms (ActiveRecord: 23.0ms)


Started GET "/users/1" for 127.0.0.1 at 2015-03-25 21:40:19 -0400
Processing by UsersController#show as HTML
  Parameters: {"id"=>"1"}
  [1m[35mUser Load (0.2ms)[0m  SELECT "users".* FROM "users" WHERE "users"."id" = ? LIMIT 1  [["id", "1"]]
  Rendered users/show.html.erb within layouts/application (1.5ms)
Completed 200 OK in 18ms (Views: 16.3ms | ActiveRecord: 0.2ms)


Started GET "/users" for 127.0.0.1 at 2015-03-25 21:40:28 -0400
Processing by UsersController#index as HTML
  [1m[36mUser Load (0.2ms)[0m  [1mSELECT "users".* FROM "users" [0m
  Rendered users/index.html.erb within layouts/application (2.2ms)
Completed 200 OK in 21ms (Views: 19.9ms | ActiveRecord: 0.2ms)


Started GET "/users/1" for 127.0.0.1 at 2015-03-25 21:40:32 -0400
Processing by UsersController#show as HTML
  Parameters: {"id"=>"1"}
  [1m[35mUser Load (0.1ms)[0m  SELECT "users".* FROM "users" WHERE "users"."id" = ? LIMIT 1  [["id", "1"]]
  Rendered users/show.html.erb within layouts/application (1.4ms)
Completed 200 OK in 38ms (Views: 36.4ms | ActiveRecord: 0.1ms)


Started GET "/users" for 127.0.0.1 at 2015-03-25 21:40:37 -0400
Processing by UsersController#index as HTML
  [1m[36mUser Load (0.2ms)[0m  [1mSELECT "users".* FROM "users" [0m
  Rendered users/index.html.erb within layouts/application (3.1ms)
Completed 200 OK in 22ms (Views: 20.9ms | ActiveRecord: 0.2ms)


Started GET "/users/new" for 127.0.0.1 at 2015-03-25 21:40:44 -0400
Processing by UsersController#new as HTML
  Rendered users/_form.html.erb (2.8ms)
  Rendered users/new.html.erb within layouts/application (4.3ms)
Completed 200 OK in 21ms (Views: 20.2ms | ActiveRecord: 0.0ms)


Started POST "/users" for 127.0.0.1 at 2015-03-25 21:40:58 -0400
Processing by UsersController#create as HTML
  Parameters: {"utf8"=>"✓", "authenticity_token"=>"SNOnSaqVBfRT2Ifp5NKM2aQUjjRvMVJzDk8tjMkpNeY=", "user"=>{"name"=>",mm,", "picture"=>#<ActionDispatch::Http::UploadedFile:0x007fc7044b2a30 @original_filename="shark glow.jpg", @content_type="image/jpeg", @headers="Content-Disposition: form-data; name=\"user[picture]\"; filename=\"shark+glow.jpg\"\r\nContent-Type: image/jpeg\r\n", @tempfile=#<File:/tmp/RackMultipart20150325-23132-qgi824>>}, "commit"=>"Create User"}
  [1m[35m (0.1ms)[0m  begin transaction
  [1m[36mSQL (0.3ms)[0m  [1mINSERT INTO "users" ("created_at", "name", "picture", "updated_at") VALUES (?, ?, ?, ?)[0m  [["created_at", Thu, 26 Mar 2015 01:40:58 UTC +00:00], ["name", ",mm,"], ["picture", "shark_glow.jpg"], ["updated_at", Thu, 26 Mar 2015 01:40:58 UTC +00:00]]
  [1m[35m (12.5ms)[0m  commit transaction
Redirected to http://localhost:3000/users/2
Completed 302 Found in 45ms (ActiveRecord: 12.9ms)


Started GET "/users/2" for 127.0.0.1 at 2015-03-25 21:40:58 -0400
Processing by UsersController#show as HTML
  Parameters: {"id"=>"2"}
  [1m[36mUser Load (0.1ms)[0m  [1mSELECT "users".* FROM "users" WHERE "users"."id" = ? LIMIT 1[0m  [["id", "2"]]
  Rendered users/show.html.erb within layouts/application (1.4ms)
Completed 200 OK in 41ms (Views: 39.7ms | ActiveRecord: 0.1ms)
Connecting to database specified by database.yml


Started GET "/uploader" for 127.0.0.1 at 2015-03-25 21:43:44 -0400

ActionController::RoutingError (No route matches [GET] "/uploader"):
  actionpack (3.2.13) lib/action_dispatch/middleware/debug_exceptions.rb:21:in `call'
  actionpack (3.2.13) lib/action_dispatch/middleware/show_exceptions.rb:56:in `call'
  railties (3.2.13) lib/rails/rack/logger.rb:32:in `call_app'
  railties (3.2.13) lib/rails/rack/logger.rb:16:in `block in call'
  activesupport (3.2.13) lib/active_support/tagged_logging.rb:22:in `tagged'
  railties (3.2.13) lib/rails/rack/logger.rb:16:in `call'
  actionpack (3.2.13) lib/action_dispatch/middleware/request_id.rb:22:in `call'
  rack (1.4.5) lib/rack/methodoverride.rb:21:in `call'
  rack (1.4.5) lib/rack/runtime.rb:17:in `call'
  activesupport (3.2.13) lib/active_support/cache/strategy/local_cache.rb:72:in `call'
  rack (1.4.5) lib/rack/lock.rb:15:in `call'
  actionpack (3.2.13) lib/action_dispatch/middleware/static.rb:63:in `call'
  railties (3.2.13) lib/rails/engine.rb:479:in `call'
  railties (3.2.13) lib/rails/application.rb:223:in `call'
  rack (1.4.5) lib/rack/content_length.rb:14:in `call'
  railties (3.2.13) lib/rails/rack/log_tailer.rb:17:in `call'
  rack (1.4.5) lib/rack/handler/webrick.rb:59:in `service'
  /usr/lib/ruby/1.9.1/webrick/httpserver.rb:138:in `service'
  /usr/lib/ruby/1.9.1/webrick/httpserver.rb:94:in `run'
  /usr/lib/ruby/1.9.1/webrick/server.rb:191:in `block in start_thread'


  Rendered /var/lib/gems/1.9.1/gems/actionpack-3.2.13/lib/action_dispatch/middleware/templates/rescues/routing_error.erb within rescues/layout (18.5ms)


Started GET "/users" for 127.0.0.1 at 2015-03-25 21:43:51 -0400
Processing by UsersController#index as HTML
  [1m[36mUser Load (0.1ms)[0m  [1mSELECT "users".* FROM "users" [0m
  Rendered users/index.html.erb within layouts/application (3.5ms)
Completed 200 OK in 84ms (Views: 43.7ms | ActiveRecord: 1.8ms)


Started GET "/assets/scaffolds.css?body=1" for 127.0.0.1 at 2015-03-25 21:43:51 -0400
Served asset /scaffolds.css - 304 Not Modified (2ms)


Started GET "/assets/application.css?body=1" for 127.0.0.1 at 2015-03-25 21:43:51 -0400
Served asset /application.css - 304 Not Modified (12ms)


Started GET "/assets/users.css?body=1" for 127.0.0.1 at 2015-03-25 21:43:51 -0400
Served asset /users.css - 304 Not Modified (1ms)


Started GET "/assets/jquery.js?body=1" for 127.0.0.1 at 2015-03-25 21:43:51 -0400
Served asset /jquery.js - 304 Not Modified (33ms)


Started GET "/assets/users.js?body=1" for 127.0.0.1 at 2015-03-25 21:43:51 -0400
Served asset /users.js - 304 Not Modified (1ms)


Started GET "/assets/jquery_ujs.js?body=1" for 127.0.0.1 at 2015-03-25 21:43:51 -0400
Served asset /jquery_ujs.js - 304 Not Modified (6ms)


Started GET "/assets/application.js?body=1" for 127.0.0.1 at 2015-03-25 21:43:51 -0400
Served asset /application.js - 304 Not Modified (9ms)


Started GET "/users/new" for 127.0.0.1 at 2015-03-25 21:44:00 -0400
Processing by UsersController#new as HTML
  Rendered users/_form.html.erb (7.2ms)
  Rendered users/new.html.erb within layouts/application (12.9ms)
Completed 200 OK in 29ms (Views: 28.2ms | ActiveRecord: 0.0ms)


Started GET "/assets/application.css?body=1" for 127.0.0.1 at 2015-03-25 21:44:00 -0400
Served asset /application.css - 304 Not Modified (0ms)


Started GET "/assets/scaffolds.css?body=1" for 127.0.0.1 at 2015-03-25 21:44:00 -0400
Served asset /scaffolds.css - 304 Not Modified (0ms)


Started GET "/assets/users.css?body=1" for 127.0.0.1 at 2015-03-25 21:44:00 -0400
Served asset /users.css - 304 Not Modified (0ms)


Started GET "/assets/jquery_ujs.js?body=1" for 127.0.0.1 at 2015-03-25 21:44:00 -0400
Served asset /jquery_ujs.js - 304 Not Modified (0ms)


Started GET "/assets/users.js?body=1" for 127.0.0.1 at 2015-03-25 21:44:00 -0400
Served asset /users.js - 304 Not Modified (0ms)


Started GET "/assets/jquery.js?body=1" for 127.0.0.1 at 2015-03-25 21:44:00 -0400
Served asset /jquery.js - 304 Not Modified (1ms)


Started GET "/assets/application.js?body=1" for 127.0.0.1 at 2015-03-25 21:44:00 -0400
Served asset /application.js - 304 Not Modified (1ms)


Started POST "/users" for 127.0.0.1 at 2015-03-25 21:44:18 -0400
Processing by UsersController#create as HTML
  Parameters: {"utf8"=>"✓", "authenticity_token"=>"SNOnSaqVBfRT2Ifp5NKM2aQUjjRvMVJzDk8tjMkpNeY=", "user"=>{"name"=>"phonegap", "picture"=>#<ActionDispatch::Http::UploadedFile:0x007f846c425de0 @original_filename="logo.png", @content_type="image/png", @headers="Content-Disposition: form-data; name=\"user[picture]\"; filename=\"logo.png\"\r\nContent-Type: image/png\r\n", @tempfile=#<File:/tmp/RackMultipart20150325-23347-7ew8k9>>}, "commit"=>"Create User"}
  [1m[35m (0.1ms)[0m  begin transaction
  [1m[36mSQL (2.1ms)[0m  [1mINSERT INTO "users" ("created_at", "name", "picture", "updated_at") VALUES (?, ?, ?, ?)[0m  [["created_at", Thu, 26 Mar 2015 01:44:18 UTC +00:00], ["name", "phonegap"], ["picture", "logo.png"], ["updated_at", Thu, 26 Mar 2015 01:44:18 UTC +00:00]]
  [1m[35m (18.1ms)[0m  commit transaction
Redirected to http://localhost:3000/users/3
Completed 302 Found in 64ms (ActiveRecord: 20.3ms)


Started GET "/users/3" for 127.0.0.1 at 2015-03-25 21:44:18 -0400
Processing by UsersController#show as HTML
  Parameters: {"id"=>"3"}
  [1m[36mUser Load (0.3ms)[0m  [1mSELECT "users".* FROM "users" WHERE "users"."id" = ? LIMIT 1[0m  [["id", "3"]]
  Rendered users/show.html.erb within layouts/application (2.6ms)
Completed 200 OK in 46ms (Views: 41.9ms | ActiveRecord: 0.3ms)


Started GET "/assets/application.css?body=1" for 127.0.0.1 at 2015-03-25 21:44:18 -0400
Served asset /application.css - 304 Not Modified (0ms)


Started GET "/assets/scaffolds.css?body=1" for 127.0.0.1 at 2015-03-25 21:44:18 -0400
Served asset /scaffolds.css - 304 Not Modified (0ms)


Started GET "/assets/jquery_ujs.js?body=1" for 127.0.0.1 at 2015-03-25 21:44:18 -0400
Served asset /jquery_ujs.js - 304 Not Modified (0ms)


Started GET "/assets/jquery.js?body=1" for 127.0.0.1 at 2015-03-25 21:44:18 -0400
Served asset /jquery.js - 304 Not Modified (1ms)


Started GET "/assets/users.css?body=1" for 127.0.0.1 at 2015-03-25 21:44:18 -0400
Served asset /users.css - 304 Not Modified (0ms)


Started GET "/assets/users.js?body=1" for 127.0.0.1 at 2015-03-25 21:44:18 -0400
Served asset /users.js - 304 Not Modified (0ms)


Started GET "/assets/application.js?body=1" for 127.0.0.1 at 2015-03-25 21:44:18 -0400
Served asset /application.js - 304 Not Modified (1ms)


Started GET "/users" for 127.0.0.1 at 2015-03-25 21:44:22 -0400
Processing by UsersController#index as HTML
  [1m[35mUser Load (0.2ms)[0m  SELECT "users".* FROM "users" 
  Rendered users/index.html.erb within layouts/application (5.9ms)
Completed 200 OK in 19ms (Views: 18.4ms | ActiveRecord: 0.2ms)


Started GET "/assets/application.css?body=1" for 127.0.0.1 at 2015-03-25 21:44:22 -0400
Served asset /application.css - 304 Not Modified (0ms)


Started GET "/assets/users.css?body=1" for 127.0.0.1 at 2015-03-25 21:44:22 -0400
Served asset /users.css - 304 Not Modified (0ms)


Started GET "/assets/jquery.js?body=1" for 127.0.0.1 at 2015-03-25 21:44:22 -0400
Served asset /jquery.js - 304 Not Modified (1ms)


Started GET "/assets/scaffolds.css?body=1" for 127.0.0.1 at 2015-03-25 21:44:22 -0400
Served asset /scaffolds.css - 304 Not Modified (0ms)


Started GET "/assets/users.js?body=1" for 127.0.0.1 at 2015-03-25 21:44:22 -0400
Served asset /users.js - 304 Not Modified (0ms)


Started GET "/assets/jquery_ujs.js?body=1" for 127.0.0.1 at 2015-03-25 21:44:22 -0400
Served asset /jquery_ujs.js - 304 Not Modified (0ms)


Started GET "/assets/application.js?body=1" for 127.0.0.1 at 2015-03-25 21:44:22 -0400
Served asset /application.js - 304 Not Modified (2ms)


Started GET "/users/new" for 127.0.0.1 at 2015-03-25 21:44:24 -0400
Processing by UsersController#new as HTML
  Rendered users/_form.html.erb (3.3ms)
  Rendered users/new.html.erb within layouts/application (4.6ms)
Completed 200 OK in 20ms (Views: 19.1ms | ActiveRecord: 0.0ms)


Started GET "/assets/application.css?body=1" for 127.0.0.1 at 2015-03-25 21:44:25 -0400
Served asset /application.css - 304 Not Modified (0ms)


Started GET "/assets/jquery.js?body=1" for 127.0.0.1 at 2015-03-25 21:44:25 -0400
Served asset /jquery.js - 304 Not Modified (4ms)


Started GET "/assets/jquery_ujs.js?body=1" for 127.0.0.1 at 2015-03-25 21:44:25 -0400
Served asset /jquery_ujs.js - 304 Not Modified (0ms)


Started GET "/assets/scaffolds.css?body=1" for 127.0.0.1 at 2015-03-25 21:44:25 -0400
Served asset /scaffolds.css - 304 Not Modified (0ms)


Started GET "/assets/users.css?body=1" for 127.0.0.1 at 2015-03-25 21:44:25 -0400
Served asset /users.css - 304 Not Modified (0ms)


Started GET "/assets/users.js?body=1" for 127.0.0.1 at 2015-03-25 21:44:25 -0400
Served asset /users.js - 304 Not Modified (1ms)


Started GET "/assets/application.js?body=1" for 127.0.0.1 at 2015-03-25 21:44:25 -0400
Served asset /application.js - 304 Not Modified (1ms)


Started POST "/users" for 127.0.0.1 at 2015-03-25 21:44:51 -0400
Processing by UsersController#create as HTML
  Parameters: {"utf8"=>"✓", "authenticity_token"=>"SNOnSaqVBfRT2Ifp5NKM2aQUjjRvMVJzDk8tjMkpNeY=", "user"=>{"name"=>"kkj", "picture"=>#<ActionDispatch::Http::UploadedFile:0x007f8450643828 @original_filename="betatesters.csv", @content_type="text/csv", @headers="Content-Disposition: form-data; name=\"user[picture]\"; filename=\"betatesters.csv\"\r\nContent-Type: text/csv\r\n", @tempfile=#<File:/tmp/RackMultipart20150325-23347-1dzta5w>>}, "commit"=>"Create User"}
  [1m[36m (0.1ms)[0m  [1mbegin transaction[0m
  [1m[35m (0.8ms)[0m  rollback transaction
  Rendered users/_form.html.erb (2.3ms)
  Rendered users/new.html.erb within layouts/application (2.9ms)
Completed 200 OK in 48ms (Views: 17.0ms | ActiveRecord: 0.8ms)


Started GET "/assets/scaffolds.css?body=1" for 127.0.0.1 at 2015-03-25 21:44:51 -0400
Served asset /scaffolds.css - 304 Not Modified (0ms)


Started GET "/assets/users.css?body=1" for 127.0.0.1 at 2015-03-25 21:44:51 -0400
Served asset /users.css - 304 Not Modified (0ms)


Started GET "/assets/jquery_ujs.js?body=1" for 127.0.0.1 at 2015-03-25 21:44:51 -0400
Served asset /jquery_ujs.js - 304 Not Modified (2ms)


Started GET "/assets/jquery.js?body=1" for 127.0.0.1 at 2015-03-25 21:44:51 -0400
Served asset /jquery.js - 304 Not Modified (1ms)


Started GET "/assets/application.css?body=1" for 127.0.0.1 at 2015-03-25 21:44:51 -0400
Served asset /application.css - 304 Not Modified (0ms)


Started GET "/assets/users.js?body=1" for 127.0.0.1 at 2015-03-25 21:44:51 -0400
Served asset /users.js - 304 Not Modified (0ms)


Started GET "/assets/application.js?body=1" for 127.0.0.1 at 2015-03-25 21:44:51 -0400
Served asset /application.js - 304 Not Modified (1ms)


Started POST "/users" for 127.0.0.1 at 2015-03-25 21:45:47 -0400
Processing by UsersController#create as HTML
  Parameters: {"utf8"=>"✓", "authenticity_token"=>"SNOnSaqVBfRT2Ifp5NKM2aQUjjRvMVJzDk8tjMkpNeY=", "user"=>{"name"=>"kkj", "picture"=>#<ActionDispatch::Http::UploadedFile:0x007f845034e898 @original_filename="d.png", @content_type="image/png", @headers="Content-Disposition: form-data; name=\"user[picture]\"; filename=\"d.png\"\r\nContent-Type: image/png\r\n", @tempfile=#<File:/tmp/RackMultipart20150325-23347-1mruk22>>}, "commit"=>"Create User"}
  [1m[36m (0.1ms)[0m  [1mbegin transaction[0m
  [1m[35mSQL (0.3ms)[0m  INSERT INTO "users" ("created_at", "name", "picture", "updated_at") VALUES (?, ?, ?, ?)  [["created_at", Thu, 26 Mar 2015 01:45:47 UTC +00:00], ["name", "kkj"], ["picture", "d.png"], ["updated_at", Thu, 26 Mar 2015 01:45:47 UTC +00:00]]
  [1m[36m (23.0ms)[0m  [1mcommit transaction[0m
Redirected to http://localhost:3000/users/4
Completed 302 Found in 41ms (ActiveRecord: 23.4ms)


Started GET "/users/4" for 127.0.0.1 at 2015-03-25 21:45:47 -0400
Processing by UsersController#show as HTML
  Parameters: {"id"=>"4"}
  [1m[35mUser Load (0.2ms)[0m  SELECT "users".* FROM "users" WHERE "users"."id" = ? LIMIT 1  [["id", "4"]]
  Rendered users/show.html.erb within layouts/application (2.4ms)
Completed 200 OK in 27ms (Views: 25.1ms | ActiveRecord: 0.2ms)


Started GET "/assets/application.css?body=1" for 127.0.0.1 at 2015-03-25 21:45:47 -0400
Served asset /application.css - 304 Not Modified (0ms)


Started GET "/assets/users.css?body=1" for 127.0.0.1 at 2015-03-25 21:45:47 -0400
Served asset /users.css - 304 Not Modified (0ms)


Started GET "/assets/users.js?body=1" for 127.0.0.1 at 2015-03-25 21:45:47 -0400
Served asset /users.js - 304 Not Modified (0ms)


Started GET "/assets/application.js?body=1" for 127.0.0.1 at 2015-03-25 21:45:47 -0400
Served asset /application.js - 304 Not Modified (27ms)


Started GET "/assets/jquery_ujs.js?body=1" for 127.0.0.1 at 2015-03-25 21:45:47 -0400
Served asset /jquery_ujs.js - 304 Not Modified (0ms)


Started GET "/assets/scaffolds.css?body=1" for 127.0.0.1 at 2015-03-25 21:45:47 -0400
Served asset /scaffolds.css - 304 Not Modified (0ms)


Started GET "/assets/jquery.js?body=1" for 127.0.0.1 at 2015-03-25 21:45:47 -0400
Served asset /jquery.js - 304 Not Modified (1ms)


Started GET "/users" for 127.0.0.1 at 2015-03-25 21:45:50 -0400
Processing by UsersController#index as HTML
  [1m[36mUser Load (0.2ms)[0m  [1mSELECT "users".* FROM "users" [0m
  Rendered users/index.html.erb within layouts/application (10.6ms)
Completed 200 OK in 27ms (Views: 25.6ms | ActiveRecord: 0.2ms)


Started GET "/assets/application.css?body=1" for 127.0.0.1 at 2015-03-25 21:45:50 -0400
Served asset /application.css - 304 Not Modified (0ms)


Started GET "/assets/scaffolds.css?body=1" for 127.0.0.1 at 2015-03-25 21:45:50 -0400
Served asset /scaffolds.css - 304 Not Modified (0ms)


Started GET "/assets/users.css?body=1" for 127.0.0.1 at 2015-03-25 21:45:50 -0400
Served asset /users.css - 304 Not Modified (0ms)


Started GET "/assets/jquery_ujs.js?body=1" for 127.0.0.1 at 2015-03-25 21:45:50 -0400
Served asset /jquery_ujs.js - 304 Not Modified (3ms)


Started GET "/assets/jquery.js?body=1" for 127.0.0.1 at 2015-03-25 21:45:50 -0400
Served asset /jquery.js - 304 Not Modified (1ms)


Started GET "/assets/users.js?body=1" for 127.0.0.1 at 2015-03-25 21:45:50 -0400
Served asset /users.js - 304 Not Modified (0ms)


Started GET "/assets/application.js?body=1" for 127.0.0.1 at 2015-03-25 21:45:50 -0400
Served asset /application.js - 304 Not Modified (1ms)


Started GET "/users/new" for 127.0.0.1 at 2015-03-25 21:45:53 -0400
Processing by UsersController#new as HTML
  Rendered users/_form.html.erb (2.2ms)
  Rendered users/new.html.erb within layouts/application (3.0ms)
Completed 200 OK in 26ms (Views: 25.5ms | ActiveRecord: 0.0ms)


Started GET "/assets/users.css?body=1" for 127.0.0.1 at 2015-03-25 21:45:53 -0400
Served asset /users.css - 304 Not Modified (0ms)


Started GET "/assets/jquery.js?body=1" for 127.0.0.1 at 2015-03-25 21:45:53 -0400
Served asset /jquery.js - 304 Not Modified (1ms)


Started GET "/assets/scaffolds.css?body=1" for 127.0.0.1 at 2015-03-25 21:45:53 -0400
Served asset /scaffolds.css - 304 Not Modified (0ms)


Started GET "/assets/application.css?body=1" for 127.0.0.1 at 2015-03-25 21:45:53 -0400
Served asset /application.css - 304 Not Modified (0ms)


Started GET "/assets/users.js?body=1" for 127.0.0.1 at 2015-03-25 21:45:53 -0400
Served asset /users.js - 304 Not Modified (0ms)


Started GET "/assets/jquery_ujs.js?body=1" for 127.0.0.1 at 2015-03-25 21:45:53 -0400
Served asset /jquery_ujs.js - 304 Not Modified (0ms)


Started GET "/assets/application.js?body=1" for 127.0.0.1 at 2015-03-25 21:45:53 -0400
Served asset /application.js - 304 Not Modified (2ms)


Started POST "/users" for 127.0.0.1 at 2015-03-25 21:46:08 -0400
Processing by UsersController#create as HTML
  Parameters: {"utf8"=>"✓", "authenticity_token"=>"SNOnSaqVBfRT2Ifp5NKM2aQUjjRvMVJzDk8tjMkpNeY=", "user"=>{"name"=>"osx", "picture"=>#<ActionDispatch::Http::UploadedFile:0x000000037f95d8 @original_filename="Screenshot from 2014-11-11 11:06:30.png", @content_type="image/png", @headers="Content-Disposition: form-data; name=\"user[picture]\"; filename=\"Screenshot from 2014-11-11 11:06:30.png\"\r\nContent-Type: image/png\r\n", @tempfile=#<File:/tmp/RackMultipart20150325-23347-1scpe34>>}, "commit"=>"Create User"}
  [1m[35m (0.1ms)[0m  begin transaction
  [1m[36mSQL (0.3ms)[0m  [1mINSERT INTO "users" ("created_at", "name", "picture", "updated_at") VALUES (?, ?, ?, ?)[0m  [["created_at", Thu, 26 Mar 2015 01:46:08 UTC +00:00], ["name", "osx"], ["picture", "Screenshot_from_2014-11-11_11_06_30.png"], ["updated_at", Thu, 26 Mar 2015 01:46:08 UTC +00:00]]
  [1m[35m (23.2ms)[0m  commit transaction
Redirected to http://localhost:3000/users/5
Completed 302 Found in 348ms (ActiveRecord: 23.6ms)


Started GET "/users/5" for 127.0.0.1 at 2015-03-25 21:46:08 -0400
Processing by UsersController#show as HTML
  Parameters: {"id"=>"5"}
  [1m[36mUser Load (0.1ms)[0m  [1mSELECT "users".* FROM "users" WHERE "users"."id" = ? LIMIT 1[0m  [["id", "5"]]
  Rendered users/show.html.erb within layouts/application (1.7ms)
Completed 200 OK in 19ms (Views: 17.3ms | ActiveRecord: 0.1ms)


Started GET "/assets/application.css?body=1" for 127.0.0.1 at 2015-03-25 21:46:08 -0400
Served asset /application.css - 304 Not Modified (0ms)


Started GET "/assets/scaffolds.css?body=1" for 127.0.0.1 at 2015-03-25 21:46:08 -0400
Served asset /scaffolds.css - 304 Not Modified (0ms)


Started GET "/assets/jquery.js?body=1" for 127.0.0.1 at 2015-03-25 21:46:08 -0400
Served asset /jquery.js - 304 Not Modified (3ms)


Started GET "/assets/users.css?body=1" for 127.0.0.1 at 2015-03-25 21:46:08 -0400
Served asset /users.css - 304 Not Modified (0ms)


Started GET "/assets/jquery_ujs.js?body=1" for 127.0.0.1 at 2015-03-25 21:46:08 -0400
Served asset /jquery_ujs.js - 304 Not Modified (0ms)


Started GET "/assets/users.js?body=1" for 127.0.0.1 at 2015-03-25 21:46:08 -0400
Served asset /users.js - 304 Not Modified (0ms)


Started GET "/assets/application.js?body=1" for 127.0.0.1 at 2015-03-25 21:46:08 -0400
Served asset /application.js - 304 Not Modified (1ms)


Started GET "/users" for 127.0.0.1 at 2015-03-25 21:46:13 -0400
Processing by UsersController#index as HTML
  [1m[35mUser Load (0.2ms)[0m  SELECT "users".* FROM "users" 
  Rendered users/index.html.erb within layouts/application (9.5ms)
Completed 200 OK in 25ms (Views: 23.9ms | ActiveRecord: 0.2ms)


Started GET "/assets/application.css?body=1" for 127.0.0.1 at 2015-03-25 21:46:13 -0400
Served asset /application.css - 304 Not Modified (0ms)


Started GET "/assets/users.css?body=1" for 127.0.0.1 at 2015-03-25 21:46:13 -0400
Served asset /users.css - 304 Not Modified (0ms)


Started GET "/assets/jquery.js?body=1" for 127.0.0.1 at 2015-03-25 21:46:13 -0400
Served asset /jquery.js - 304 Not Modified (6ms)


Started GET "/assets/jquery_ujs.js?body=1" for 127.0.0.1 at 2015-03-25 21:46:13 -0400
Served asset /jquery_ujs.js - 304 Not Modified (0ms)


Started GET "/assets/scaffolds.css?body=1" for 127.0.0.1 at 2015-03-25 21:46:13 -0400
Served asset /scaffolds.css - 304 Not Modified (0ms)


Started GET "/assets/application.js?body=1" for 127.0.0.1 at 2015-03-25 21:46:13 -0400
Served asset /application.js - 304 Not Modified (1ms)


Started GET "/assets/users.js?body=1" for 127.0.0.1 at 2015-03-25 21:46:13 -0400
Served asset /users.js - 304 Not Modified (0ms)


Started DELETE "/users/1" for 127.0.0.1 at 2015-03-25 21:46:32 -0400
Processing by UsersController#destroy as HTML
  Parameters: {"authenticity_token"=>"SNOnSaqVBfRT2Ifp5NKM2aQUjjRvMVJzDk8tjMkpNeY=", "id"=>"1"}
  [1m[36mUser Load (0.1ms)[0m  [1mSELECT "users".* FROM "users" WHERE "users"."id" = ? LIMIT 1[0m  [["id", "1"]]
  [1m[35m (0.1ms)[0m  begin transaction
  [1m[36mSQL (0.2ms)[0m  [1mDELETE FROM "users" WHERE "users"."id" = ?[0m  [["id", 1]]
  [1m[35m (22.4ms)[0m  commit transaction
Redirected to http://localhost:3000/users
Completed 302 Found in 27ms (ActiveRecord: 22.8ms)


Started GET "/users" for 127.0.0.1 at 2015-03-25 21:46:32 -0400
Processing by UsersController#index as HTML
  [1m[36mUser Load (0.3ms)[0m  [1mSELECT "users".* FROM "users" [0m
  Rendered users/index.html.erb within layouts/application (5.3ms)
Completed 200 OK in 24ms (Views: 22.6ms | ActiveRecord: 0.3ms)


Started GET "/assets/application.css?body=1" for 127.0.0.1 at 2015-03-25 21:46:32 -0400
Served asset /application.css - 304 Not Modified (0ms)


Started GET "/assets/scaffolds.css?body=1" for 127.0.0.1 at 2015-03-25 21:46:32 -0400
Served asset /scaffolds.css - 304 Not Modified (0ms)


Started GET "/assets/users.css?body=1" for 127.0.0.1 at 2015-03-25 21:46:32 -0400
Served asset /users.css - 304 Not Modified (0ms)


Started GET "/assets/jquery_ujs.js?body=1" for 127.0.0.1 at 2015-03-25 21:46:32 -0400
Served asset /jquery_ujs.js - 304 Not Modified (0ms)


Started GET "/assets/users.js?body=1" for 127.0.0.1 at 2015-03-25 21:46:32 -0400
Served asset /users.js - 304 Not Modified (0ms)


Started GET "/assets/jquery.js?body=1" for 127.0.0.1 at 2015-03-25 21:46:32 -0400
Served asset /jquery.js - 304 Not Modified (4ms)


Started GET "/assets/application.js?body=1" for 127.0.0.1 at 2015-03-25 21:46:32 -0400
Served asset /application.js - 304 Not Modified (1ms)
Connecting to database specified by database.yml
Connecting to database specified by database.yml
  [1m[36m (1.1ms)[0m  [1mSELECT "schema_migrations"."version" FROM "schema_migrations" [0m
Migrating to CreateUsers (20130508174408)
Migrating to RenameUsersToApps (20150326024439)
  [1m[35m (0.0ms)[0m  select sqlite_version(*)
  [1m[36m (0.0ms)[0m  [1mbegin transaction[0m
  [1m[35m (0.3ms)[0m  ALTER TABLE "users" RENAME TO "apps"
  [1m[36m (0.1ms)[0m  [1mINSERT INTO "schema_migrations" ("version") VALUES ('20150326024439')[0m
  [1m[35m (13.5ms)[0m  commit transaction
  [1m[36m (0.1ms)[0m  [1mSELECT "schema_migrations"."version" FROM "schema_migrations" [0m
Connecting to database specified by database.yml
Connecting to database specified by database.yml


Started GET "/apps" for 127.0.0.1 at 2015-03-25 23:04:49 -0400

ActionController::RoutingError (No route matches [GET] "/apps"):
  actionpack (3.2.13) lib/action_dispatch/middleware/debug_exceptions.rb:21:in `call'
  actionpack (3.2.13) lib/action_dispatch/middleware/show_exceptions.rb:56:in `call'
  railties (3.2.13) lib/rails/rack/logger.rb:32:in `call_app'
  railties (3.2.13) lib/rails/rack/logger.rb:16:in `block in call'
  activesupport (3.2.13) lib/active_support/tagged_logging.rb:22:in `tagged'
  railties (3.2.13) lib/rails/rack/logger.rb:16:in `call'
  actionpack (3.2.13) lib/action_dispatch/middleware/request_id.rb:22:in `call'
  rack (1.4.5) lib/rack/methodoverride.rb:21:in `call'
  rack (1.4.5) lib/rack/runtime.rb:17:in `call'
  activesupport (3.2.13) lib/active_support/cache/strategy/local_cache.rb:72:in `call'
  rack (1.4.5) lib/rack/lock.rb:15:in `call'
  actionpack (3.2.13) lib/action_dispatch/middleware/static.rb:63:in `call'
  railties (3.2.13) lib/rails/engine.rb:479:in `call'
  railties (3.2.13) lib/rails/application.rb:223:in `call'
  rack (1.4.5) lib/rack/content_length.rb:14:in `call'
  railties (3.2.13) lib/rails/rack/log_tailer.rb:17:in `call'
  rack (1.4.5) lib/rack/handler/webrick.rb:59:in `service'
  /usr/lib/ruby/1.9.1/webrick/httpserver.rb:138:in `service'
  /usr/lib/ruby/1.9.1/webrick/httpserver.rb:94:in `run'
  /usr/lib/ruby/1.9.1/webrick/server.rb:191:in `block in start_thread'


  Rendered /var/lib/gems/1.9.1/gems/actionpack-3.2.13/lib/action_dispatch/middleware/templates/rescues/routing_error.erb within rescues/layout (25.3ms)
Connecting to database specified by database.yml
Connecting to database specified by database.yml


Started GET "/apps" for 127.0.0.1 at 2015-03-25 23:06:28 -0400
Processing by AppsController#index as HTML
  [1m[36mApp Load (0.1ms)[0m  [1mSELECT "apps".* FROM "apps" [0m
Completed 500 Internal Server Error in 87ms

ActionView::MissingTemplate (Missing template apps/index, application/index with {:locale=>[:en], :formats=>[:html], :handlers=>[:erb, :builder, :coffee]}. Searched in:
  * "/home/ejb008/Downloads/carrierwave-demo-master/app/views"
):
  app/controllers/apps_controller.rb:7:in `index'


  Rendered /var/lib/gems/1.9.1/gems/actionpack-3.2.13/lib/action_dispatch/middleware/templates/rescues/missing_template.erb within rescues/layout (19.9ms)
Connecting to database specified by database.yml


Started GET "/apps" for 127.0.0.1 at 2015-03-26 19:18:43 -0400
Processing by AppsController#index as HTML
  [1m[36mApp Load (0.1ms)[0m  [1mSELECT "apps".* FROM "apps" [0m
Completed 500 Internal Server Error in 89ms

ActionView::MissingTemplate (Missing template apps/index, application/index with {:locale=>[:en], :formats=>[:html], :handlers=>[:erb, :builder, :coffee]}. Searched in:
  * "/home/ejb008/Downloads/carrierwave-demo-master/app/views"
):
  app/controllers/apps_controller.rb:7:in `index'


  Rendered /var/lib/gems/1.9.1/gems/actionpack-3.2.13/lib/action_dispatch/middleware/templates/rescues/missing_template.erb within rescues/layout (20.6ms)


Started GET "/apps" for 127.0.0.1 at 2015-03-26 19:18:47 -0400
Processing by AppsController#index as HTML
  [1m[35mApp Load (0.3ms)[0m  SELECT "apps".* FROM "apps" 
Completed 500 Internal Server Error in 3ms

ActionView::MissingTemplate (Missing template apps/index, application/index with {:locale=>[:en], :formats=>[:html], :handlers=>[:erb, :builder, :coffee]}. Searched in:
  * "/home/ejb008/Downloads/carrierwave-demo-master/app/views"
):
  app/controllers/apps_controller.rb:7:in `index'


  Rendered /var/lib/gems/1.9.1/gems/actionpack-3.2.13/lib/action_dispatch/middleware/templates/rescues/missing_template.erb within rescues/layout (0.4ms)
Connecting to database specified by database.yml


Started GET "/apps" for 127.0.0.1 at 2015-03-26 19:19:44 -0400
Processing by AppsController#index as HTML
  [1m[36mApp Load (0.1ms)[0m  [1mSELECT "apps".* FROM "apps" [0m
  Rendered apps/index.html.erb within layouts/application (29.3ms)
Completed 500 Internal Server Error in 112ms

ActionView::Template::Error (undefined local variable or method `user' for #<#<Class:0x007f975c75d2f8>:0x007f975c760ef8>):
    12: <% @apps.each do |app| %>
    13:   <tr>
    14:     <td><%= app.name %></td>
    15:     <td><%= image_tag(user.picture_url(:thumb)) %></td>
    16:     <td><%= link_to 'Show', user %></td>
    17:     <td><%= link_to 'Edit', edit_user_path(app) %></td>
    18:     <td><%= link_to 'Destroy', app, method: :delete, data: { confirm: 'Are you sure?' } %></td>
  app/views/apps/index.html.erb:15:in `block in _app_views_apps_index_html_erb__655057210257501191_30584040'
  app/views/apps/index.html.erb:12:in `each'
  app/views/apps/index.html.erb:12:in `_app_views_apps_index_html_erb__655057210257501191_30584040'
  app/controllers/apps_controller.rb:7:in `index'


  Rendered /var/lib/gems/1.9.1/gems/actionpack-3.2.13/lib/action_dispatch/middleware/templates/rescues/_trace.erb (1.2ms)
  Rendered /var/lib/gems/1.9.1/gems/actionpack-3.2.13/lib/action_dispatch/middleware/templates/rescues/_request_and_response.erb (0.9ms)
  Rendered /var/lib/gems/1.9.1/gems/actionpack-3.2.13/lib/action_dispatch/middleware/templates/rescues/template_error.erb within rescues/layout (6.8ms)
Connecting to database specified by database.yml


Started GET "/apps" for 127.0.0.1 at 2015-03-26 19:20:35 -0400
Processing by AppsController#index as HTML
  [1m[36mApp Load (0.1ms)[0m  [1mSELECT "apps".* FROM "apps" [0m
  Rendered apps/index.html.erb within layouts/application (7.2ms)
Completed 200 OK in 144ms (Views: 70.5ms | ActiveRecord: 2.1ms)


Started GET "/assets/scaffolds.css?body=1" for 127.0.0.1 at 2015-03-26 19:20:36 -0400
Served asset /scaffolds.css - 304 Not Modified (2ms)


Started GET "/assets/users.css?body=1" for 127.0.0.1 at 2015-03-26 19:20:36 -0400
Served asset /users.css - 304 Not Modified (4ms)


Started GET "/assets/application.css?body=1" for 127.0.0.1 at 2015-03-26 19:20:36 -0400
Served asset /application.css - 304 Not Modified (8ms)


Started GET "/assets/jquery.js?body=1" for 127.0.0.1 at 2015-03-26 19:20:36 -0400
Served asset /jquery.js - 304 Not Modified (4ms)


Started GET "/assets/jquery_ujs.js?body=1" for 127.0.0.1 at 2015-03-26 19:20:36 -0400
Served asset /jquery_ujs.js - 304 Not Modified (2ms)


Started GET "/assets/users.js?body=1" for 127.0.0.1 at 2015-03-26 19:20:36 -0400
Served asset /users.js - 304 Not Modified (2ms)


Started GET "/uploads/app/picture/2/thumb_shark_glow.jpg" for 127.0.0.1 at 2015-03-26 19:20:36 -0400

ActionController::RoutingError (No route matches [GET] "/uploads/app/picture/2/thumb_shark_glow.jpg"):
  actionpack (3.2.13) lib/action_dispatch/middleware/debug_exceptions.rb:21:in `call'
  actionpack (3.2.13) lib/action_dispatch/middleware/show_exceptions.rb:56:in `call'
  railties (3.2.13) lib/rails/rack/logger.rb:32:in `call_app'
  railties (3.2.13) lib/rails/rack/logger.rb:16:in `block in call'
  activesupport (3.2.13) lib/active_support/tagged_logging.rb:22:in `tagged'
  railties (3.2.13) lib/rails/rack/logger.rb:16:in `call'
  actionpack (3.2.13) lib/action_dispatch/middleware/request_id.rb:22:in `call'
  rack (1.4.5) lib/rack/methodoverride.rb:21:in `call'
  rack (1.4.5) lib/rack/runtime.rb:17:in `call'
  activesupport (3.2.13) lib/active_support/cache/strategy/local_cache.rb:72:in `call'
  rack (1.4.5) lib/rack/lock.rb:15:in `call'
  actionpack (3.2.13) lib/action_dispatch/middleware/static.rb:63:in `call'
  railties (3.2.13) lib/rails/engine.rb:479:in `call'
  railties (3.2.13) lib/rails/application.rb:223:in `call'
  rack (1.4.5) lib/rack/content_length.rb:14:in `call'
  railties (3.2.13) lib/rails/rack/log_tailer.rb:17:in `call'
  rack (1.4.5) lib/rack/handler/webrick.rb:59:in `service'
  /usr/lib/ruby/1.9.1/webrick/httpserver.rb:138:in `service'
  /usr/lib/ruby/1.9.1/webrick/httpserver.rb:94:in `run'
  /usr/lib/ruby/1.9.1/webrick/server.rb:191:in `block in start_thread'


  Rendered /var/lib/gems/1.9.1/gems/actionpack-3.2.13/lib/action_dispatch/middleware/templates/rescues/routing_error.erb within rescues/layout (1.5ms)


Started GET "/assets/application.js?body=1" for 127.0.0.1 at 2015-03-26 19:20:36 -0400
Served asset /application.js - 304 Not Modified (42ms)


Started GET "/uploads/app/picture/3/thumb_logo.png" for 127.0.0.1 at 2015-03-26 19:20:36 -0400

ActionController::RoutingError (No route matches [GET] "/uploads/app/picture/3/thumb_logo.png"):
  actionpack (3.2.13) lib/action_dispatch/middleware/debug_exceptions.rb:21:in `call'
  actionpack (3.2.13) lib/action_dispatch/middleware/show_exceptions.rb:56:in `call'
  railties (3.2.13) lib/rails/rack/logger.rb:32:in `call_app'
  railties (3.2.13) lib/rails/rack/logger.rb:16:in `block in call'
  activesupport (3.2.13) lib/active_support/tagged_logging.rb:22:in `tagged'
  railties (3.2.13) lib/rails/rack/logger.rb:16:in `call'
  actionpack (3.2.13) lib/action_dispatch/middleware/request_id.rb:22:in `call'
  rack (1.4.5) lib/rack/methodoverride.rb:21:in `call'
  rack (1.4.5) lib/rack/runtime.rb:17:in `call'
  activesupport (3.2.13) lib/active_support/cache/strategy/local_cache.rb:72:in `call'
  rack (1.4.5) lib/rack/lock.rb:15:in `call'
  actionpack (3.2.13) lib/action_dispatch/middleware/static.rb:63:in `call'
  railties (3.2.13) lib/rails/engine.rb:479:in `call'
  railties (3.2.13) lib/rails/application.rb:223:in `call'
  rack (1.4.5) lib/rack/content_length.rb:14:in `call'
  railties (3.2.13) lib/rails/rack/log_tailer.rb:17:in `call'
  rack (1.4.5) lib/rack/handler/webrick.rb:59:in `service'
  /usr/lib/ruby/1.9.1/webrick/httpserver.rb:138:in `service'
  /usr/lib/ruby/1.9.1/webrick/httpserver.rb:94:in `run'
  /usr/lib/ruby/1.9.1/webrick/server.rb:191:in `block in start_thread'


  Rendered /var/lib/gems/1.9.1/gems/actionpack-3.2.13/lib/action_dispatch/middleware/templates/rescues/routing_error.erb within rescues/layout (0.8ms)


Started GET "/uploads/app/picture/4/thumb_d.png" for 127.0.0.1 at 2015-03-26 19:20:36 -0400

ActionController::RoutingError (No route matches [GET] "/uploads/app/picture/4/thumb_d.png"):
  actionpack (3.2.13) lib/action_dispatch/middleware/debug_exceptions.rb:21:in `call'
  actionpack (3.2.13) lib/action_dispatch/middleware/show_exceptions.rb:56:in `call'
  railties (3.2.13) lib/rails/rack/logger.rb:32:in `call_app'
  railties (3.2.13) lib/rails/rack/logger.rb:16:in `block in call'
  activesupport (3.2.13) lib/active_support/tagged_logging.rb:22:in `tagged'
  railties (3.2.13) lib/rails/rack/logger.rb:16:in `call'
  actionpack (3.2.13) lib/action_dispatch/middleware/request_id.rb:22:in `call'
  rack (1.4.5) lib/rack/methodoverride.rb:21:in `call'
  rack (1.4.5) lib/rack/runtime.rb:17:in `call'
  activesupport (3.2.13) lib/active_support/cache/strategy/local_cache.rb:72:in `call'
  rack (1.4.5) lib/rack/lock.rb:15:in `call'
  actionpack (3.2.13) lib/action_dispatch/middleware/static.rb:63:in `call'
  railties (3.2.13) lib/rails/engine.rb:479:in `call'
  railties (3.2.13) lib/rails/application.rb:223:in `call'
  rack (1.4.5) lib/rack/content_length.rb:14:in `call'
  railties (3.2.13) lib/rails/rack/log_tailer.rb:17:in `call'
  rack (1.4.5) lib/rack/handler/webrick.rb:59:in `service'
  /usr/lib/ruby/1.9.1/webrick/httpserver.rb:138:in `service'
  /usr/lib/ruby/1.9.1/webrick/httpserver.rb:94:in `run'
  /usr/lib/ruby/1.9.1/webrick/server.rb:191:in `block in start_thread'


  Rendered /var/lib/gems/1.9.1/gems/actionpack-3.2.13/lib/action_dispatch/middleware/templates/rescues/routing_error.erb within rescues/layout (1.0ms)


Started GET "/uploads/app/picture/5/thumb_Screenshot_from_2014-11-11_11_06_30.png" for 127.0.0.1 at 2015-03-26 19:20:36 -0400

ActionController::RoutingError (No route matches [GET] "/uploads/app/picture/5/thumb_Screenshot_from_2014-11-11_11_06_30.png"):
  actionpack (3.2.13) lib/action_dispatch/middleware/debug_exceptions.rb:21:in `call'
  actionpack (3.2.13) lib/action_dispatch/middleware/show_exceptions.rb:56:in `call'
  railties (3.2.13) lib/rails/rack/logger.rb:32:in `call_app'
  railties (3.2.13) lib/rails/rack/logger.rb:16:in `block in call'
  activesupport (3.2.13) lib/active_support/tagged_logging.rb:22:in `tagged'
  railties (3.2.13) lib/rails/rack/logger.rb:16:in `call'
  actionpack (3.2.13) lib/action_dispatch/middleware/request_id.rb:22:in `call'
  rack (1.4.5) lib/rack/methodoverride.rb:21:in `call'
  rack (1.4.5) lib/rack/runtime.rb:17:in `call'
  activesupport (3.2.13) lib/active_support/cache/strategy/local_cache.rb:72:in `call'
  rack (1.4.5) lib/rack/lock.rb:15:in `call'
  actionpack (3.2.13) lib/action_dispatch/middleware/static.rb:63:in `call'
  railties (3.2.13) lib/rails/engine.rb:479:in `call'
  railties (3.2.13) lib/rails/application.rb:223:in `call'
  rack (1.4.5) lib/rack/content_length.rb:14:in `call'
  railties (3.2.13) lib/rails/rack/log_tailer.rb:17:in `call'
  rack (1.4.5) lib/rack/handler/webrick.rb:59:in `service'
  /usr/lib/ruby/1.9.1/webrick/httpserver.rb:138:in `service'
  /usr/lib/ruby/1.9.1/webrick/httpserver.rb:94:in `run'
  /usr/lib/ruby/1.9.1/webrick/server.rb:191:in `block in start_thread'


  Rendered /var/lib/gems/1.9.1/gems/actionpack-3.2.13/lib/action_dispatch/middleware/templates/rescues/routing_error.erb within rescues/layout (0.8ms)


Started GET "/uploads/app/picture/2/thumb_shark_glow.jpg" for 127.0.0.1 at 2015-03-26 19:20:36 -0400

ActionController::RoutingError (No route matches [GET] "/uploads/app/picture/2/thumb_shark_glow.jpg"):
  actionpack (3.2.13) lib/action_dispatch/middleware/debug_exceptions.rb:21:in `call'
  actionpack (3.2.13) lib/action_dispatch/middleware/show_exceptions.rb:56:in `call'
  railties (3.2.13) lib/rails/rack/logger.rb:32:in `call_app'
  railties (3.2.13) lib/rails/rack/logger.rb:16:in `block in call'
  activesupport (3.2.13) lib/active_support/tagged_logging.rb:22:in `tagged'
  railties (3.2.13) lib/rails/rack/logger.rb:16:in `call'
  actionpack (3.2.13) lib/action_dispatch/middleware/request_id.rb:22:in `call'
  rack (1.4.5) lib/rack/methodoverride.rb:21:in `call'
  rack (1.4.5) lib/rack/runtime.rb:17:in `call'
  activesupport (3.2.13) lib/active_support/cache/strategy/local_cache.rb:72:in `call'
  rack (1.4.5) lib/rack/lock.rb:15:in `call'
  actionpack (3.2.13) lib/action_dispatch/middleware/static.rb:63:in `call'
  railties (3.2.13) lib/rails/engine.rb:479:in `call'
  railties (3.2.13) lib/rails/application.rb:223:in `call'
  rack (1.4.5) lib/rack/content_length.rb:14:in `call'
  railties (3.2.13) lib/rails/rack/log_tailer.rb:17:in `call'
  rack (1.4.5) lib/rack/handler/webrick.rb:59:in `service'
  /usr/lib/ruby/1.9.1/webrick/httpserver.rb:138:in `service'
  /usr/lib/ruby/1.9.1/webrick/httpserver.rb:94:in `run'
  /usr/lib/ruby/1.9.1/webrick/server.rb:191:in `block in start_thread'


  Rendered /var/lib/gems/1.9.1/gems/actionpack-3.2.13/lib/action_dispatch/middleware/templates/rescues/routing_error.erb within rescues/layout (0.8ms)


Started DELETE "/apps/2" for 127.0.0.1 at 2015-03-26 19:20:49 -0400
Processing by AppsController#destroy as HTML
  Parameters: {"authenticity_token"=>"SNOnSaqVBfRT2Ifp5NKM2aQUjjRvMVJzDk8tjMkpNeY=", "id"=>"2"}
  [1m[35mApp Load (0.3ms)[0m  SELECT "apps".* FROM "apps" WHERE "apps"."id" = ? LIMIT 1  [["id", "2"]]
  [1m[36m (0.1ms)[0m  [1mbegin transaction[0m
  [1m[35mSQL (5.2ms)[0m  DELETE FROM "apps" WHERE "apps"."id" = ?  [["id", 2]]
  [1m[36m (18.1ms)[0m  [1mcommit transaction[0m
Redirected to http://localhost:3000/apps
Completed 302 Found in 29ms (ActiveRecord: 23.6ms)


Started GET "/apps" for 127.0.0.1 at 2015-03-26 19:20:50 -0400
Processing by AppsController#index as HTML
  [1m[35mApp Load (0.2ms)[0m  SELECT "apps".* FROM "apps" 
  Rendered apps/index.html.erb within layouts/application (5.7ms)
Completed 200 OK in 59ms (Views: 57.9ms | ActiveRecord: 0.2ms)


Started GET "/assets/application.css?body=1" for 127.0.0.1 at 2015-03-26 19:20:50 -0400
Served asset /application.css - 304 Not Modified (0ms)


Started GET "/assets/scaffolds.css?body=1" for 127.0.0.1 at 2015-03-26 19:20:50 -0400
Served asset /scaffolds.css - 304 Not Modified (0ms)


Started GET "/assets/users.css?body=1" for 127.0.0.1 at 2015-03-26 19:20:50 -0400
Served asset /users.css - 304 Not Modified (0ms)


Started GET "/assets/jquery.js?body=1" for 127.0.0.1 at 2015-03-26 19:20:50 -0400
Served asset /jquery.js - 304 Not Modified (1ms)


Started GET "/assets/jquery_ujs.js?body=1" for 127.0.0.1 at 2015-03-26 19:20:50 -0400
Served asset /jquery_ujs.js - 304 Not Modified (0ms)


Started GET "/assets/users.js?body=1" for 127.0.0.1 at 2015-03-26 19:20:50 -0400
Served asset /users.js - 304 Not Modified (0ms)


Started GET "/assets/application.js?body=1" for 127.0.0.1 at 2015-03-26 19:20:50 -0400
Served asset /application.js - 304 Not Modified (1ms)


Started GET "/uploads/app/picture/3/thumb_logo.png" for 127.0.0.1 at 2015-03-26 19:20:50 -0400

ActionController::RoutingError (No route matches [GET] "/uploads/app/picture/3/thumb_logo.png"):
  actionpack (3.2.13) lib/action_dispatch/middleware/debug_exceptions.rb:21:in `call'
  actionpack (3.2.13) lib/action_dispatch/middleware/show_exceptions.rb:56:in `call'
  railties (3.2.13) lib/rails/rack/logger.rb:32:in `call_app'
  railties (3.2.13) lib/rails/rack/logger.rb:16:in `block in call'
  activesupport (3.2.13) lib/active_support/tagged_logging.rb:22:in `tagged'
  railties (3.2.13) lib/rails/rack/logger.rb:16:in `call'
  actionpack (3.2.13) lib/action_dispatch/middleware/request_id.rb:22:in `call'
  rack (1.4.5) lib/rack/methodoverride.rb:21:in `call'
  rack (1.4.5) lib/rack/runtime.rb:17:in `call'
  activesupport (3.2.13) lib/active_support/cache/strategy/local_cache.rb:72:in `call'
  rack (1.4.5) lib/rack/lock.rb:15:in `call'
  actionpack (3.2.13) lib/action_dispatch/middleware/static.rb:63:in `call'
  railties (3.2.13) lib/rails/engine.rb:479:in `call'
  railties (3.2.13) lib/rails/application.rb:223:in `call'
  rack (1.4.5) lib/rack/content_length.rb:14:in `call'
  railties (3.2.13) lib/rails/rack/log_tailer.rb:17:in `call'
  rack (1.4.5) lib/rack/handler/webrick.rb:59:in `service'
  /usr/lib/ruby/1.9.1/webrick/httpserver.rb:138:in `service'
  /usr/lib/ruby/1.9.1/webrick/httpserver.rb:94:in `run'
  /usr/lib/ruby/1.9.1/webrick/server.rb:191:in `block in start_thread'


  Rendered /var/lib/gems/1.9.1/gems/actionpack-3.2.13/lib/action_dispatch/middleware/templates/rescues/routing_error.erb within rescues/layout (0.8ms)


Started GET "/uploads/app/picture/4/thumb_d.png" for 127.0.0.1 at 2015-03-26 19:20:50 -0400

ActionController::RoutingError (No route matches [GET] "/uploads/app/picture/4/thumb_d.png"):
  actionpack (3.2.13) lib/action_dispatch/middleware/debug_exceptions.rb:21:in `call'
  actionpack (3.2.13) lib/action_dispatch/middleware/show_exceptions.rb:56:in `call'
  railties (3.2.13) lib/rails/rack/logger.rb:32:in `call_app'
  railties (3.2.13) lib/rails/rack/logger.rb:16:in `block in call'
  activesupport (3.2.13) lib/active_support/tagged_logging.rb:22:in `tagged'
  railties (3.2.13) lib/rails/rack/logger.rb:16:in `call'
  actionpack (3.2.13) lib/action_dispatch/middleware/request_id.rb:22:in `call'
  rack (1.4.5) lib/rack/methodoverride.rb:21:in `call'
  rack (1.4.5) lib/rack/runtime.rb:17:in `call'
  activesupport (3.2.13) lib/active_support/cache/strategy/local_cache.rb:72:in `call'
  rack (1.4.5) lib/rack/lock.rb:15:in `call'
  actionpack (3.2.13) lib/action_dispatch/middleware/static.rb:63:in `call'
  railties (3.2.13) lib/rails/engine.rb:479:in `call'
  railties (3.2.13) lib/rails/application.rb:223:in `call'
  rack (1.4.5) lib/rack/content_length.rb:14:in `call'
  railties (3.2.13) lib/rails/rack/log_tailer.rb:17:in `call'
  rack (1.4.5) lib/rack/handler/webrick.rb:59:in `service'
  /usr/lib/ruby/1.9.1/webrick/httpserver.rb:138:in `service'
  /usr/lib/ruby/1.9.1/webrick/httpserver.rb:94:in `run'
  /usr/lib/ruby/1.9.1/webrick/server.rb:191:in `block in start_thread'


  Rendered /var/lib/gems/1.9.1/gems/actionpack-3.2.13/lib/action_dispatch/middleware/templates/rescues/routing_error.erb within rescues/layout (0.9ms)


Started GET "/uploads/app/picture/5/thumb_Screenshot_from_2014-11-11_11_06_30.png" for 127.0.0.1 at 2015-03-26 19:20:50 -0400

ActionController::RoutingError (No route matches [GET] "/uploads/app/picture/5/thumb_Screenshot_from_2014-11-11_11_06_30.png"):
  actionpack (3.2.13) lib/action_dispatch/middleware/debug_exceptions.rb:21:in `call'
  actionpack (3.2.13) lib/action_dispatch/middleware/show_exceptions.rb:56:in `call'
  railties (3.2.13) lib/rails/rack/logger.rb:32:in `call_app'
  railties (3.2.13) lib/rails/rack/logger.rb:16:in `block in call'
  activesupport (3.2.13) lib/active_support/tagged_logging.rb:22:in `tagged'
  railties (3.2.13) lib/rails/rack/logger.rb:16:in `call'
  actionpack (3.2.13) lib/action_dispatch/middleware/request_id.rb:22:in `call'
  rack (1.4.5) lib/rack/methodoverride.rb:21:in `call'
  rack (1.4.5) lib/rack/runtime.rb:17:in `call'
  activesupport (3.2.13) lib/active_support/cache/strategy/local_cache.rb:72:in `call'
  rack (1.4.5) lib/rack/lock.rb:15:in `call'
  actionpack (3.2.13) lib/action_dispatch/middleware/static.rb:63:in `call'
  railties (3.2.13) lib/rails/engine.rb:479:in `call'
  railties (3.2.13) lib/rails/application.rb:223:in `call'
  rack (1.4.5) lib/rack/content_length.rb:14:in `call'
  railties (3.2.13) lib/rails/rack/log_tailer.rb:17:in `call'
  rack (1.4.5) lib/rack/handler/webrick.rb:59:in `service'
  /usr/lib/ruby/1.9.1/webrick/httpserver.rb:138:in `service'
  /usr/lib/ruby/1.9.1/webrick/httpserver.rb:94:in `run'
  /usr/lib/ruby/1.9.1/webrick/server.rb:191:in `block in start_thread'


  Rendered /var/lib/gems/1.9.1/gems/actionpack-3.2.13/lib/action_dispatch/middleware/templates/rescues/routing_error.erb within rescues/layout (0.6ms)


Started DELETE "/apps/3" for 127.0.0.1 at 2015-03-26 19:20:51 -0400
Processing by AppsController#destroy as HTML
  Parameters: {"authenticity_token"=>"SNOnSaqVBfRT2Ifp5NKM2aQUjjRvMVJzDk8tjMkpNeY=", "id"=>"3"}
  [1m[36mApp Load (0.1ms)[0m  [1mSELECT "apps".* FROM "apps" WHERE "apps"."id" = ? LIMIT 1[0m  [["id", "3"]]
  [1m[35m (0.1ms)[0m  begin transaction
  [1m[36mSQL (0.1ms)[0m  [1mDELETE FROM "apps" WHERE "apps"."id" = ?[0m  [["id", 3]]
  [1m[35m (12.3ms)[0m  commit transaction
Redirected to http://localhost:3000/apps
Completed 302 Found in 16ms (ActiveRecord: 12.6ms)


Started GET "/apps" for 127.0.0.1 at 2015-03-26 19:20:51 -0400
Processing by AppsController#index as HTML
  [1m[36mApp Load (0.3ms)[0m  [1mSELECT "apps".* FROM "apps" [0m
  Rendered apps/index.html.erb within layouts/application (5.4ms)
Completed 200 OK in 32ms (Views: 30.9ms | ActiveRecord: 0.3ms)


Started GET "/assets/application.css?body=1" for 127.0.0.1 at 2015-03-26 19:20:52 -0400
Served asset /application.css - 304 Not Modified (0ms)


Started GET "/assets/jquery_ujs.js?body=1" for 127.0.0.1 at 2015-03-26 19:20:52 -0400
Served asset /jquery_ujs.js - 304 Not Modified (0ms)


Started GET "/assets/scaffolds.css?body=1" for 127.0.0.1 at 2015-03-26 19:20:52 -0400
Served asset /scaffolds.css - 304 Not Modified (0ms)


Started GET "/assets/jquery.js?body=1" for 127.0.0.1 at 2015-03-26 19:20:52 -0400
Served asset /jquery.js - 304 Not Modified (4ms)


Started GET "/assets/users.css?body=1" for 127.0.0.1 at 2015-03-26 19:20:52 -0400
Served asset /users.css - 304 Not Modified (0ms)


Started GET "/assets/users.js?body=1" for 127.0.0.1 at 2015-03-26 19:20:52 -0400
Served asset /users.js - 304 Not Modified (0ms)


Started GET "/assets/application.js?body=1" for 127.0.0.1 at 2015-03-26 19:20:52 -0400
Served asset /application.js - 304 Not Modified (1ms)


Started GET "/uploads/app/picture/4/thumb_d.png" for 127.0.0.1 at 2015-03-26 19:20:52 -0400

ActionController::RoutingError (No route matches [GET] "/uploads/app/picture/4/thumb_d.png"):
  actionpack (3.2.13) lib/action_dispatch/middleware/debug_exceptions.rb:21:in `call'
  actionpack (3.2.13) lib/action_dispatch/middleware/show_exceptions.rb:56:in `call'
  railties (3.2.13) lib/rails/rack/logger.rb:32:in `call_app'
  railties (3.2.13) lib/rails/rack/logger.rb:16:in `block in call'
  activesupport (3.2.13) lib/active_support/tagged_logging.rb:22:in `tagged'
  railties (3.2.13) lib/rails/rack/logger.rb:16:in `call'
  actionpack (3.2.13) lib/action_dispatch/middleware/request_id.rb:22:in `call'
  rack (1.4.5) lib/rack/methodoverride.rb:21:in `call'
  rack (1.4.5) lib/rack/runtime.rb:17:in `call'
  activesupport (3.2.13) lib/active_support/cache/strategy/local_cache.rb:72:in `call'
  rack (1.4.5) lib/rack/lock.rb:15:in `call'
  actionpack (3.2.13) lib/action_dispatch/middleware/static.rb:63:in `call'
  railties (3.2.13) lib/rails/engine.rb:479:in `call'
  railties (3.2.13) lib/rails/application.rb:223:in `call'
  rack (1.4.5) lib/rack/content_length.rb:14:in `call'
  railties (3.2.13) lib/rails/rack/log_tailer.rb:17:in `call'
  rack (1.4.5) lib/rack/handler/webrick.rb:59:in `service'
  /usr/lib/ruby/1.9.1/webrick/httpserver.rb:138:in `service'
  /usr/lib/ruby/1.9.1/webrick/httpserver.rb:94:in `run'
  /usr/lib/ruby/1.9.1/webrick/server.rb:191:in `block in start_thread'


  Rendered /var/lib/gems/1.9.1/gems/actionpack-3.2.13/lib/action_dispatch/middleware/templates/rescues/routing_error.erb within rescues/layout (0.9ms)


Started GET "/uploads/app/picture/5/thumb_Screenshot_from_2014-11-11_11_06_30.png" for 127.0.0.1 at 2015-03-26 19:20:52 -0400

ActionController::RoutingError (No route matches [GET] "/uploads/app/picture/5/thumb_Screenshot_from_2014-11-11_11_06_30.png"):
  actionpack (3.2.13) lib/action_dispatch/middleware/debug_exceptions.rb:21:in `call'
  actionpack (3.2.13) lib/action_dispatch/middleware/show_exceptions.rb:56:in `call'
  railties (3.2.13) lib/rails/rack/logger.rb:32:in `call_app'
  railties (3.2.13) lib/rails/rack/logger.rb:16:in `block in call'
  activesupport (3.2.13) lib/active_support/tagged_logging.rb:22:in `tagged'
  railties (3.2.13) lib/rails/rack/logger.rb:16:in `call'
  actionpack (3.2.13) lib/action_dispatch/middleware/request_id.rb:22:in `call'
  rack (1.4.5) lib/rack/methodoverride.rb:21:in `call'
  rack (1.4.5) lib/rack/runtime.rb:17:in `call'
  activesupport (3.2.13) lib/active_support/cache/strategy/local_cache.rb:72:in `call'
  rack (1.4.5) lib/rack/lock.rb:15:in `call'
  actionpack (3.2.13) lib/action_dispatch/middleware/static.rb:63:in `call'
  railties (3.2.13) lib/rails/engine.rb:479:in `call'
  railties (3.2.13) lib/rails/application.rb:223:in `call'
  rack (1.4.5) lib/rack/content_length.rb:14:in `call'
  railties (3.2.13) lib/rails/rack/log_tailer.rb:17:in `call'
  rack (1.4.5) lib/rack/handler/webrick.rb:59:in `service'
  /usr/lib/ruby/1.9.1/webrick/httpserver.rb:138:in `service'
  /usr/lib/ruby/1.9.1/webrick/httpserver.rb:94:in `run'
  /usr/lib/ruby/1.9.1/webrick/server.rb:191:in `block in start_thread'


  Rendered /var/lib/gems/1.9.1/gems/actionpack-3.2.13/lib/action_dispatch/middleware/templates/rescues/routing_error.erb within rescues/layout (1.7ms)


Started DELETE "/apps/4" for 127.0.0.1 at 2015-03-26 19:20:54 -0400
Processing by AppsController#destroy as HTML
  Parameters: {"authenticity_token"=>"SNOnSaqVBfRT2Ifp5NKM2aQUjjRvMVJzDk8tjMkpNeY=", "id"=>"4"}
  [1m[35mApp Load (0.2ms)[0m  SELECT "apps".* FROM "apps" WHERE "apps"."id" = ? LIMIT 1  [["id", "4"]]
  [1m[36m (0.1ms)[0m  [1mbegin transaction[0m
  [1m[35mSQL (0.2ms)[0m  DELETE FROM "apps" WHERE "apps"."id" = ?  [["id", 4]]
  [1m[36m (12.8ms)[0m  [1mcommit transaction[0m
Redirected to http://localhost:3000/apps
Completed 302 Found in 18ms (ActiveRecord: 13.2ms)


Started GET "/apps" for 127.0.0.1 at 2015-03-26 19:20:54 -0400
Processing by AppsController#index as HTML
  [1m[35mApp Load (0.2ms)[0m  SELECT "apps".* FROM "apps" 
  Rendered apps/index.html.erb within layouts/application (3.6ms)
Completed 200 OK in 59ms (Views: 57.7ms | ActiveRecord: 0.2ms)


Started GET "/assets/application.css?body=1" for 127.0.0.1 at 2015-03-26 19:20:54 -0400
Served asset /application.css - 304 Not Modified (0ms)


Started GET "/assets/scaffolds.css?body=1" for 127.0.0.1 at 2015-03-26 19:20:54 -0400
Served asset /scaffolds.css - 304 Not Modified (0ms)


Started GET "/assets/jquery.js?body=1" for 127.0.0.1 at 2015-03-26 19:20:54 -0400
Served asset /jquery.js - 304 Not Modified (1ms)


Started GET "/assets/users.css?body=1" for 127.0.0.1 at 2015-03-26 19:20:54 -0400
Served asset /users.css - 304 Not Modified (0ms)


Started GET "/assets/jquery_ujs.js?body=1" for 127.0.0.1 at 2015-03-26 19:20:54 -0400
Served asset /jquery_ujs.js - 304 Not Modified (0ms)


Started GET "/assets/users.js?body=1" for 127.0.0.1 at 2015-03-26 19:20:54 -0400
Served asset /users.js - 304 Not Modified (0ms)


Started GET "/uploads/app/picture/5/thumb_Screenshot_from_2014-11-11_11_06_30.png" for 127.0.0.1 at 2015-03-26 19:20:54 -0400

ActionController::RoutingError (No route matches [GET] "/uploads/app/picture/5/thumb_Screenshot_from_2014-11-11_11_06_30.png"):
  actionpack (3.2.13) lib/action_dispatch/middleware/debug_exceptions.rb:21:in `call'
  actionpack (3.2.13) lib/action_dispatch/middleware/show_exceptions.rb:56:in `call'
  railties (3.2.13) lib/rails/rack/logger.rb:32:in `call_app'
  railties (3.2.13) lib/rails/rack/logger.rb:16:in `block in call'
  activesupport (3.2.13) lib/active_support/tagged_logging.rb:22:in `tagged'
  railties (3.2.13) lib/rails/rack/logger.rb:16:in `call'
  actionpack (3.2.13) lib/action_dispatch/middleware/request_id.rb:22:in `call'
  rack (1.4.5) lib/rack/methodoverride.rb:21:in `call'
  rack (1.4.5) lib/rack/runtime.rb:17:in `call'
  activesupport (3.2.13) lib/active_support/cache/strategy/local_cache.rb:72:in `call'
  rack (1.4.5) lib/rack/lock.rb:15:in `call'
  actionpack (3.2.13) lib/action_dispatch/middleware/static.rb:63:in `call'
  railties (3.2.13) lib/rails/engine.rb:479:in `call'
  railties (3.2.13) lib/rails/application.rb:223:in `call'
  rack (1.4.5) lib/rack/content_length.rb:14:in `call'
  railties (3.2.13) lib/rails/rack/log_tailer.rb:17:in `call'
  rack (1.4.5) lib/rack/handler/webrick.rb:59:in `service'
  /usr/lib/ruby/1.9.1/webrick/httpserver.rb:138:in `service'
  /usr/lib/ruby/1.9.1/webrick/httpserver.rb:94:in `run'
  /usr/lib/ruby/1.9.1/webrick/server.rb:191:in `block in start_thread'


  Rendered /var/lib/gems/1.9.1/gems/actionpack-3.2.13/lib/action_dispatch/middleware/templates/rescues/routing_error.erb within rescues/layout (2.3ms)


Started GET "/assets/application.js?body=1" for 127.0.0.1 at 2015-03-26 19:20:54 -0400
Served asset /application.js - 304 Not Modified (1ms)


Started GET "/uploads/app/picture/5/thumb_Screenshot_from_2014-11-11_11_06_30.png" for 127.0.0.1 at 2015-03-26 19:20:54 -0400

ActionController::RoutingError (No route matches [GET] "/uploads/app/picture/5/thumb_Screenshot_from_2014-11-11_11_06_30.png"):
  actionpack (3.2.13) lib/action_dispatch/middleware/debug_exceptions.rb:21:in `call'
  actionpack (3.2.13) lib/action_dispatch/middleware/show_exceptions.rb:56:in `call'
  railties (3.2.13) lib/rails/rack/logger.rb:32:in `call_app'
  railties (3.2.13) lib/rails/rack/logger.rb:16:in `block in call'
  activesupport (3.2.13) lib/active_support/tagged_logging.rb:22:in `tagged'
  railties (3.2.13) lib/rails/rack/logger.rb:16:in `call'
  actionpack (3.2.13) lib/action_dispatch/middleware/request_id.rb:22:in `call'
  rack (1.4.5) lib/rack/methodoverride.rb:21:in `call'
  rack (1.4.5) lib/rack/runtime.rb:17:in `call'
  activesupport (3.2.13) lib/active_support/cache/strategy/local_cache.rb:72:in `call'
  rack (1.4.5) lib/rack/lock.rb:15:in `call'
  actionpack (3.2.13) lib/action_dispatch/middleware/static.rb:63:in `call'
  railties (3.2.13) lib/rails/engine.rb:479:in `call'
  railties (3.2.13) lib/rails/application.rb:223:in `call'
  rack (1.4.5) lib/rack/content_length.rb:14:in `call'
  railties (3.2.13) lib/rails/rack/log_tailer.rb:17:in `call'
  rack (1.4.5) lib/rack/handler/webrick.rb:59:in `service'
  /usr/lib/ruby/1.9.1/webrick/httpserver.rb:138:in `service'
  /usr/lib/ruby/1.9.1/webrick/httpserver.rb:94:in `run'
  /usr/lib/ruby/1.9.1/webrick/server.rb:191:in `block in start_thread'


  Rendered /var/lib/gems/1.9.1/gems/actionpack-3.2.13/lib/action_dispatch/middleware/templates/rescues/routing_error.erb within rescues/layout (0.7ms)


Started DELETE "/apps/5" for 127.0.0.1 at 2015-03-26 19:20:58 -0400
Processing by AppsController#destroy as HTML
  Parameters: {"authenticity_token"=>"SNOnSaqVBfRT2Ifp5NKM2aQUjjRvMVJzDk8tjMkpNeY=", "id"=>"5"}
  [1m[36mApp Load (0.1ms)[0m  [1mSELECT "apps".* FROM "apps" WHERE "apps"."id" = ? LIMIT 1[0m  [["id", "5"]]
  [1m[35m (0.1ms)[0m  begin transaction
  [1m[36mSQL (0.2ms)[0m  [1mDELETE FROM "apps" WHERE "apps"."id" = ?[0m  [["id", 5]]
  [1m[35m (13.0ms)[0m  commit transaction
Redirected to http://localhost:3000/apps
Completed 302 Found in 18ms (ActiveRecord: 13.4ms)


Started GET "/apps" for 127.0.0.1 at 2015-03-26 19:20:58 -0400
Processing by AppsController#index as HTML
  [1m[36mApp Load (0.2ms)[0m  [1mSELECT "apps".* FROM "apps" [0m
  Rendered apps/index.html.erb within layouts/application (0.3ms)
Completed 200 OK in 20ms (Views: 19.5ms | ActiveRecord: 0.2ms)


Started GET "/assets/application.css?body=1" for 127.0.0.1 at 2015-03-26 19:20:58 -0400
Served asset /application.css - 304 Not Modified (0ms)


Started GET "/assets/users.css?body=1" for 127.0.0.1 at 2015-03-26 19:20:58 -0400
Served asset /users.css - 304 Not Modified (0ms)


Started GET "/assets/users.js?body=1" for 127.0.0.1 at 2015-03-26 19:20:58 -0400
Served asset /users.js - 304 Not Modified (0ms)


Started GET "/assets/jquery_ujs.js?body=1" for 127.0.0.1 at 2015-03-26 19:20:58 -0400
Served asset /jquery_ujs.js - 304 Not Modified (0ms)


Started GET "/assets/jquery.js?body=1" for 127.0.0.1 at 2015-03-26 19:20:58 -0400
Served asset /jquery.js - 304 Not Modified (0ms)


Started GET "/assets/scaffolds.css?body=1" for 127.0.0.1 at 2015-03-26 19:20:58 -0400
Served asset /scaffolds.css - 304 Not Modified (0ms)


Started GET "/assets/application.js?body=1" for 127.0.0.1 at 2015-03-26 19:20:58 -0400
Served asset /application.js - 304 Not Modified (1ms)


Started GET "/apps/new" for 127.0.0.1 at 2015-03-26 19:21:05 -0400
Processing by AppsController#new as HTML
  Rendered apps/_form.html.erb (7.2ms)
  Rendered apps/new.html.erb within layouts/application (12.2ms)
Completed 200 OK in 50ms (Views: 48.8ms | ActiveRecord: 0.0ms)


Started GET "/assets/users.css?body=1" for 127.0.0.1 at 2015-03-26 19:21:05 -0400
Served asset /users.css - 304 Not Modified (0ms)


Started GET "/assets/scaffolds.css?body=1" for 127.0.0.1 at 2015-03-26 19:21:05 -0400
Served asset /scaffolds.css - 304 Not Modified (0ms)


Started GET "/assets/jquery.js?body=1" for 127.0.0.1 at 2015-03-26 19:21:05 -0400
Served asset /jquery.js - 304 Not Modified (6ms)


Started GET "/assets/application.css?body=1" for 127.0.0.1 at 2015-03-26 19:21:05 -0400
Served asset /application.css - 304 Not Modified (0ms)


Started GET "/assets/jquery_ujs.js?body=1" for 127.0.0.1 at 2015-03-26 19:21:05 -0400
Served asset /jquery_ujs.js - 304 Not Modified (0ms)


Started GET "/assets/users.js?body=1" for 127.0.0.1 at 2015-03-26 19:21:05 -0400
Served asset /users.js - 304 Not Modified (0ms)


Started GET "/assets/application.js?body=1" for 127.0.0.1 at 2015-03-26 19:21:05 -0400
Served asset /application.js - 304 Not Modified (1ms)


Started POST "/apps" for 127.0.0.1 at 2015-03-26 19:21:22 -0400
Processing by AppsController#create as HTML
  Parameters: {"utf8"=>"✓", "authenticity_token"=>"SNOnSaqVBfRT2Ifp5NKM2aQUjjRvMVJzDk8tjMkpNeY=", "app"=>{"name"=>"myapp", "picture"=>#<ActionDispatch::Http::UploadedFile:0x000000048355a0 @original_filename="Screenshot from 2014-11-11 11:06:30.png", @content_type="image/png", @headers="Content-Disposition: form-data; name=\"app[picture]\"; filename=\"Screenshot from 2014-11-11 11:06:30.png\"\r\nContent-Type: image/png\r\n", @tempfile=#<File:/tmp/RackMultipart20150326-1862-119e2p9>>}, "commit"=>"Create App"}
  [1m[35m (0.1ms)[0m  begin transaction
  [1m[36mSQL (2.3ms)[0m  [1mINSERT INTO "apps" ("created_at", "name", "picture", "updated_at") VALUES (?, ?, ?, ?)[0m  [["created_at", Thu, 26 Mar 2015 23:21:22 UTC +00:00], ["name", "myapp"], ["picture", "Screenshot_from_2014-11-11_11_06_30.png"], ["updated_at", Thu, 26 Mar 2015 23:21:22 UTC +00:00]]
  [1m[35m (19.4ms)[0m  commit transaction
Redirected to http://localhost:3000/apps/6
Completed 302 Found in 355ms (ActiveRecord: 21.8ms)


Started GET "/apps/6" for 127.0.0.1 at 2015-03-26 19:21:22 -0400
Processing by AppsController#show as HTML
  Parameters: {"id"=>"6"}
  [1m[36mApp Load (0.2ms)[0m  [1mSELECT "apps".* FROM "apps" WHERE "apps"."id" = ? LIMIT 1[0m  [["id", "6"]]
  Rendered apps/show.html.erb within layouts/application (3.1ms)
Completed 200 OK in 21ms (Views: 19.0ms | ActiveRecord: 0.2ms)


Started GET "/assets/application.css?body=1" for 127.0.0.1 at 2015-03-26 19:21:22 -0400
Served asset /application.css - 304 Not Modified (0ms)


Started GET "/assets/jquery.js?body=1" for 127.0.0.1 at 2015-03-26 19:21:22 -0400
Served asset /jquery.js - 304 Not Modified (6ms)


Started GET "/assets/users.css?body=1" for 127.0.0.1 at 2015-03-26 19:21:22 -0400
Served asset /users.css - 304 Not Modified (0ms)


Started GET "/assets/scaffolds.css?body=1" for 127.0.0.1 at 2015-03-26 19:21:22 -0400
Served asset /scaffolds.css - 304 Not Modified (0ms)


Started GET "/assets/jquery_ujs.js?body=1" for 127.0.0.1 at 2015-03-26 19:21:22 -0400
Served asset /jquery_ujs.js - 304 Not Modified (0ms)


Started GET "/assets/users.js?body=1" for 127.0.0.1 at 2015-03-26 19:21:22 -0400
Served asset /users.js - 304 Not Modified (0ms)


Started GET "/assets/application.js?body=1" for 127.0.0.1 at 2015-03-26 19:21:22 -0400
Served asset /application.js - 304 Not Modified (1ms)
Connecting to database specified by database.yml


Started GET "/apps" for 127.0.0.1 at 2015-03-26 19:25:48 -0400
Processing by AppsController#index as HTML
  [1m[36mApp Load (0.1ms)[0m  [1mSELECT "apps".* FROM "apps" [0m
  Rendered apps/index.html.erb within layouts/application (5.2ms)
Completed 200 OK in 127ms (Views: 69.3ms | ActiveRecord: 1.7ms)


Started GET "/assets/application.css?body=1" for 127.0.0.1 at 2015-03-26 19:25:48 -0400
Served asset /application.css - 304 Not Modified (7ms)


Started GET "/assets/scaffolds.css?body=1" for 127.0.0.1 at 2015-03-26 19:25:48 -0400
Served asset /scaffolds.css - 304 Not Modified (2ms)


Started GET "/assets/users.css?body=1" for 127.0.0.1 at 2015-03-26 19:25:48 -0400
Served asset /users.css - 304 Not Modified (1ms)


Started GET "/assets/users.js?body=1" for 127.0.0.1 at 2015-03-26 19:25:48 -0400
Served asset /users.js - 304 Not Modified (1ms)


Started GET "/assets/jquery.js?body=1" for 127.0.0.1 at 2015-03-26 19:25:48 -0400
Served asset /jquery.js - 304 Not Modified (3ms)


Started GET "/assets/jquery_ujs.js?body=1" for 127.0.0.1 at 2015-03-26 19:25:48 -0400
Served asset /jquery_ujs.js - 304 Not Modified (1ms)


Started GET "/assets/application.js?body=1" for 127.0.0.1 at 2015-03-26 19:25:48 -0400
Served asset /application.js - 304 Not Modified (29ms)


Started GET "/apps/new" for 127.0.0.1 at 2015-03-26 19:25:55 -0400
Processing by AppsController#new as HTML
  Rendered apps/_form.html.erb (8.4ms)
  Rendered apps/new.html.erb within layouts/application (14.0ms)
Completed 200 OK in 30ms (Views: 29.8ms | ActiveRecord: 0.0ms)


Started GET "/assets/application.css?body=1" for 127.0.0.1 at 2015-03-26 19:25:55 -0400
Served asset /application.css - 304 Not Modified (0ms)


Started GET "/assets/scaffolds.css?body=1" for 127.0.0.1 at 2015-03-26 19:25:55 -0400
Served asset /scaffolds.css - 304 Not Modified (0ms)


Started GET "/assets/users.css?body=1" for 127.0.0.1 at 2015-03-26 19:25:55 -0400
Served asset /users.css - 304 Not Modified (0ms)


Started GET "/assets/jquery_ujs.js?body=1" for 127.0.0.1 at 2015-03-26 19:25:55 -0400
Served asset /jquery_ujs.js - 304 Not Modified (0ms)


Started GET "/assets/jquery.js?body=1" for 127.0.0.1 at 2015-03-26 19:25:55 -0400
Served asset /jquery.js - 304 Not Modified (0ms)


Started GET "/assets/users.js?body=1" for 127.0.0.1 at 2015-03-26 19:25:55 -0400
Served asset /users.js - 304 Not Modified (0ms)


Started GET "/assets/application.js?body=1" for 127.0.0.1 at 2015-03-26 19:25:55 -0400
Served asset /application.js - 304 Not Modified (1ms)


Started POST "/apps" for 127.0.0.1 at 2015-03-26 19:26:47 -0400
Processing by AppsController#create as HTML
  Parameters: {"utf8"=>"✓", "authenticity_token"=>"SNOnSaqVBfRT2Ifp5NKM2aQUjjRvMVJzDk8tjMkpNeY=", "app"=>{"name"=>"Pack59", "picture"=>#<ActionDispatch::Http::UploadedFile:0x007f8bfc5a21b8 @original_filename="bsa.png", @content_type="image/png", @headers="Content-Disposition: form-data; name=\"app[picture]\"; filename=\"bsa.png\"\r\nContent-Type: image/png\r\n", @tempfile=#<File:/tmp/RackMultipart20150326-2728-1gf0ik9>>}, "commit"=>"Create App"}
  [1m[35m (0.1ms)[0m  begin transaction
  [1m[36mSQL (3.8ms)[0m  [1mINSERT INTO "apps" ("created_at", "name", "picture", "updated_at") VALUES (?, ?, ?, ?)[0m  [["created_at", Thu, 26 Mar 2015 23:26:47 UTC +00:00], ["name", "Pack59"], ["picture", "bsa.png"], ["updated_at", Thu, 26 Mar 2015 23:26:47 UTC +00:00]]
  [1m[35m (13.5ms)[0m  commit transaction
Redirected to http://localhost:3000/apps/7
Completed 302 Found in 71ms (ActiveRecord: 17.4ms)


Started GET "/apps/7" for 127.0.0.1 at 2015-03-26 19:26:47 -0400
Processing by AppsController#show as HTML
  Parameters: {"id"=>"7"}
  [1m[36mApp Load (0.4ms)[0m  [1mSELECT "apps".* FROM "apps" WHERE "apps"."id" = ? LIMIT 1[0m  [["id", "7"]]
  Rendered apps/show.html.erb within layouts/application (2.5ms)
Completed 200 OK in 24ms (Views: 19.1ms | ActiveRecord: 0.4ms)


Started GET "/assets/application.css?body=1" for 127.0.0.1 at 2015-03-26 19:26:47 -0400
Served asset /application.css - 304 Not Modified (0ms)


Started GET "/assets/scaffolds.css?body=1" for 127.0.0.1 at 2015-03-26 19:26:47 -0400
Served asset /scaffolds.css - 304 Not Modified (0ms)


Started GET "/assets/jquery.js?body=1" for 127.0.0.1 at 2015-03-26 19:26:47 -0400
Served asset /jquery.js - 304 Not Modified (3ms)


Started GET "/assets/jquery_ujs.js?body=1" for 127.0.0.1 at 2015-03-26 19:26:47 -0400
Served asset /jquery_ujs.js - 304 Not Modified (0ms)


Started GET "/assets/users.js?body=1" for 127.0.0.1 at 2015-03-26 19:26:47 -0400
Served asset /users.js - 304 Not Modified (0ms)


Started GET "/assets/users.css?body=1" for 127.0.0.1 at 2015-03-26 19:26:47 -0400
Served asset /users.css - 304 Not Modified (0ms)


Started GET "/assets/application.js?body=1" for 127.0.0.1 at 2015-03-26 19:26:47 -0400
Served asset /application.js - 304 Not Modified (1ms)


Started GET "/apps" for 127.0.0.1 at 2015-03-26 19:27:00 -0400
Processing by AppsController#index as HTML
  [1m[35mApp Load (0.2ms)[0m  SELECT "apps".* FROM "apps" 
  Rendered apps/index.html.erb within layouts/application (3.0ms)
Completed 200 OK in 39ms (Views: 38.0ms | ActiveRecord: 0.2ms)


Started GET "/assets/users.css?body=1" for 127.0.0.1 at 2015-03-26 19:27:00 -0400
Served asset /users.css - 304 Not Modified (0ms)


Started GET "/assets/scaffolds.css?body=1" for 127.0.0.1 at 2015-03-26 19:27:00 -0400
Served asset /scaffolds.css - 304 Not Modified (0ms)


Started GET "/assets/jquery_ujs.js?body=1" for 127.0.0.1 at 2015-03-26 19:27:00 -0400
Served asset /jquery_ujs.js - 304 Not Modified (0ms)


Started GET "/assets/jquery.js?body=1" for 127.0.0.1 at 2015-03-26 19:27:00 -0400
Served asset /jquery.js - 304 Not Modified (6ms)


Started GET "/assets/users.js?body=1" for 127.0.0.1 at 2015-03-26 19:27:00 -0400
Served asset /users.js - 304 Not Modified (0ms)


Started GET "/assets/application.css?body=1" for 127.0.0.1 at 2015-03-26 19:27:00 -0400
Served asset /application.css - 304 Not Modified (0ms)


Started GET "/assets/application.js?body=1" for 127.0.0.1 at 2015-03-26 19:27:00 -0400
Served asset /application.js - 304 Not Modified (1ms)


Started GET "/apps" for 127.0.0.1 at 2015-03-26 19:28:00 -0400
Processing by AppsController#index as HTML
  [1m[36mApp Load (0.3ms)[0m  [1mSELECT "apps".* FROM "apps" [0m
  Rendered apps/index.html.erb within layouts/application (3.8ms)
Completed 200 OK in 27ms (Views: 24.6ms | ActiveRecord: 0.3ms)


Started GET "/assets/application.css?body=1" for 127.0.0.1 at 2015-03-26 19:28:00 -0400
Served asset /application.css - 304 Not Modified (0ms)


Started GET "/assets/scaffolds.css?body=1" for 127.0.0.1 at 2015-03-26 19:28:00 -0400
Served asset /scaffolds.css - 304 Not Modified (0ms)


Started GET "/assets/users.css?body=1" for 127.0.0.1 at 2015-03-26 19:28:00 -0400
Served asset /users.css - 304 Not Modified (0ms)


Started GET "/assets/jquery.js?body=1" for 127.0.0.1 at 2015-03-26 19:28:00 -0400
Served asset /jquery.js - 304 Not Modified (6ms)


Started GET "/assets/users.js?body=1" for 127.0.0.1 at 2015-03-26 19:28:00 -0400
Served asset /users.js - 304 Not Modified (0ms)


Started GET "/assets/jquery_ujs.js?body=1" for 127.0.0.1 at 2015-03-26 19:28:00 -0400
Served asset /jquery_ujs.js - 304 Not Modified (1ms)


Started GET "/assets/application.js?body=1" for 127.0.0.1 at 2015-03-26 19:28:00 -0400
Served asset /application.js - 304 Not Modified (1ms)
Connecting to database specified by database.yml


Started GET "/apps" for 127.0.0.1 at 2015-03-26 19:29:53 -0400
Processing by AppsController#index as HTML
  [1m[36mApp Load (0.1ms)[0m  [1mSELECT "apps".* FROM "apps" [0m
  Rendered apps/index.html.erb within layouts/application (5.8ms)
Completed 200 OK in 157ms (Views: 79.0ms | ActiveRecord: 2.1ms)


Started GET "/assets/application.css?body=1" for 127.0.0.1 at 2015-03-26 19:29:54 -0400
Served asset /application.css - 304 Not Modified (4ms)


Started GET "/assets/scaffolds.css?body=1" for 127.0.0.1 at 2015-03-26 19:29:54 -0400
Served asset /scaffolds.css - 304 Not Modified (2ms)


Started GET "/assets/users.css?body=1" for 127.0.0.1 at 2015-03-26 19:29:54 -0400
Served asset /users.css - 304 Not Modified (1ms)


Started GET "/assets/jquery.js?body=1" for 127.0.0.1 at 2015-03-26 19:29:54 -0400
Served asset /jquery.js - 304 Not Modified (10ms)


Started GET "/assets/users.js?body=1" for 127.0.0.1 at 2015-03-26 19:29:54 -0400
Served asset /users.js - 304 Not Modified (1ms)


Started GET "/assets/application.js?body=1" for 127.0.0.1 at 2015-03-26 19:29:54 -0400
Served asset /application.js - 304 Not Modified (28ms)


Started GET "/assets/jquery_ujs.js?body=1" for 127.0.0.1 at 2015-03-26 19:29:54 -0400
Served asset /jquery_ujs.js - 304 Not Modified (2ms)
Connecting to database specified by database.yml


Started GET "/apps" for 127.0.0.1 at 2015-03-26 19:38:02 -0400
Processing by AppsController#index as HTML
  [1m[36mApp Load (0.1ms)[0m  [1mSELECT "apps".* FROM "apps" [0m
  Rendered apps/index.html.erb within layouts/application (5.9ms)
Completed 200 OK in 130ms (Views: 70.2ms | ActiveRecord: 2.0ms)


Started GET "/assets/application.css?body=1" for 127.0.0.1 at 2015-03-26 19:38:03 -0400
Served asset /application.css - 304 Not Modified (4ms)


Started GET "/assets/users.css?body=1" for 127.0.0.1 at 2015-03-26 19:38:03 -0400
Served asset /users.css - 304 Not Modified (10ms)


Started GET "/assets/users.js?body=1" for 127.0.0.1 at 2015-03-26 19:38:03 -0400
Served asset /users.js - 304 Not Modified (1ms)


Started GET "/assets/jquery.js?body=1" for 127.0.0.1 at 2015-03-26 19:38:03 -0400
Served asset /jquery.js - 304 Not Modified (3ms)


Started GET "/assets/scaffolds.css?body=1" for 127.0.0.1 at 2015-03-26 19:38:03 -0400
Served asset /scaffolds.css - 304 Not Modified (1ms)


Started GET "/assets/jquery_ujs.js?body=1" for 127.0.0.1 at 2015-03-26 19:38:03 -0400
Served asset /jquery_ujs.js - 304 Not Modified (2ms)


Started GET "/assets/application.js?body=1" for 127.0.0.1 at 2015-03-26 19:38:03 -0400
Served asset /application.js - 304 Not Modified (29ms)


Started GET "/apps/6/edit" for 127.0.0.1 at 2015-03-26 19:38:07 -0400
Processing by AppsController#edit as HTML
  Parameters: {"id"=>"6"}
  [1m[35mApp Load (0.2ms)[0m  SELECT "apps".* FROM "apps" WHERE "apps"."id" = ? LIMIT 1  [["id", "6"]]
  Rendered apps/_form.html.erb (8.4ms)
  Rendered apps/edit.html.erb within layouts/application (13.8ms)
Completed 200 OK in 29ms (Views: 27.3ms | ActiveRecord: 0.2ms)


Started GET "/assets/application.css?body=1" for 127.0.0.1 at 2015-03-26 19:38:07 -0400
Served asset /application.css - 304 Not Modified (0ms)


Started GET "/assets/jquery_ujs.js?body=1" for 127.0.0.1 at 2015-03-26 19:38:07 -0400
Served asset /jquery_ujs.js - 304 Not Modified (7ms)


Started GET "/assets/jquery.js?body=1" for 127.0.0.1 at 2015-03-26 19:38:07 -0400
Served asset /jquery.js - 304 Not Modified (1ms)


Started GET "/assets/scaffolds.css?body=1" for 127.0.0.1 at 2015-03-26 19:38:07 -0400
Served asset /scaffolds.css - 304 Not Modified (0ms)


Started GET "/assets/users.js?body=1" for 127.0.0.1 at 2015-03-26 19:38:07 -0400
Served asset /users.js - 304 Not Modified (0ms)


Started GET "/assets/users.css?body=1" for 127.0.0.1 at 2015-03-26 19:38:07 -0400
Served asset /users.css - 304 Not Modified (0ms)


Started GET "/assets/application.js?body=1" for 127.0.0.1 at 2015-03-26 19:38:07 -0400
Served asset /application.js - 304 Not Modified (0ms)


Started PUT "/apps/6" for 127.0.0.1 at 2015-03-26 19:38:16 -0400
Processing by AppsController#update as HTML
  Parameters: {"utf8"=>"✓", "authenticity_token"=>"SNOnSaqVBfRT2Ifp5NKM2aQUjjRvMVJzDk8tjMkpNeY=", "app"=>{"name"=>"myapp"}, "commit"=>"Update App", "id"=>"6"}
  [1m[36mApp Load (0.1ms)[0m  [1mSELECT "apps".* FROM "apps" WHERE "apps"."id" = ? LIMIT 1[0m  [["id", "6"]]
  [1m[35m (0.1ms)[0m  begin transaction
  [1m[36m (0.1ms)[0m  [1mcommit transaction[0m
Redirected to http://localhost:3000/apps/6
Completed 302 Found in 29ms (ActiveRecord: 0.3ms)


Started GET "/apps/6" for 127.0.0.1 at 2015-03-26 19:38:16 -0400
Processing by AppsController#show as HTML
  Parameters: {"id"=>"6"}
  [1m[35mApp Load (0.1ms)[0m  SELECT "apps".* FROM "apps" WHERE "apps"."id" = ? LIMIT 1  [["id", "6"]]
  Rendered apps/show.html.erb within layouts/application (1.8ms)
Completed 200 OK in 20ms (Views: 18.6ms | ActiveRecord: 0.1ms)


Started GET "/assets/scaffolds.css?body=1" for 127.0.0.1 at 2015-03-26 19:38:16 -0400
Served asset /scaffolds.css - 304 Not Modified (0ms)


Started GET "/assets/jquery.js?body=1" for 127.0.0.1 at 2015-03-26 19:38:16 -0400
Served asset /jquery.js - 304 Not Modified (1ms)


Started GET "/assets/users.css?body=1" for 127.0.0.1 at 2015-03-26 19:38:16 -0400
Served asset /users.css - 304 Not Modified (0ms)


Started GET "/assets/users.js?body=1" for 127.0.0.1 at 2015-03-26 19:38:16 -0400
Served asset /users.js - 304 Not Modified (0ms)


Started GET "/assets/application.css?body=1" for 127.0.0.1 at 2015-03-26 19:38:16 -0400
Served asset /application.css - 304 Not Modified (0ms)


Started GET "/assets/jquery_ujs.js?body=1" for 127.0.0.1 at 2015-03-26 19:38:16 -0400
Served asset /jquery_ujs.js - 304 Not Modified (0ms)


Started GET "/assets/application.js?body=1" for 127.0.0.1 at 2015-03-26 19:38:16 -0400
Served asset /application.js - 304 Not Modified (1ms)


Started GET "/apps" for 127.0.0.1 at 2015-03-26 19:38:19 -0400
Processing by AppsController#index as HTML
  [1m[36mApp Load (0.3ms)[0m  [1mSELECT "apps".* FROM "apps" [0m
  Rendered apps/index.html.erb within layouts/application (3.5ms)
Completed 200 OK in 22ms (Views: 20.1ms | ActiveRecord: 0.3ms)


Started GET "/assets/application.css?body=1" for 127.0.0.1 at 2015-03-26 19:38:19 -0400
Served asset /application.css - 304 Not Modified (0ms)


Started GET "/assets/scaffolds.css?body=1" for 127.0.0.1 at 2015-03-26 19:38:19 -0400
Served asset /scaffolds.css - 304 Not Modified (0ms)


Started GET "/assets/users.css?body=1" for 127.0.0.1 at 2015-03-26 19:38:19 -0400
Served asset /users.css - 304 Not Modified (0ms)


Started GET "/assets/jquery.js?body=1" for 127.0.0.1 at 2015-03-26 19:38:19 -0400
Served asset /jquery.js - 304 Not Modified (1ms)


Started GET "/assets/users.js?body=1" for 127.0.0.1 at 2015-03-26 19:38:19 -0400
Served asset /users.js - 304 Not Modified (0ms)


Started GET "/assets/application.js?body=1" for 127.0.0.1 at 2015-03-26 19:38:19 -0400
Served asset /application.js - 304 Not Modified (2ms)


Started GET "/assets/jquery_ujs.js?body=1" for 127.0.0.1 at 2015-03-26 19:38:19 -0400
Served asset /jquery_ujs.js - 304 Not Modified (0ms)
